[ 2017-07-10T10:50:48+08:00 ] 127.0.0.1 /wwwroot/Public/Home/css/__PUBLIC__/Home/fonts/glyphicons-halflings-regular.woff2
INFO: [ app_init ] --START--
INFO: Run Behavior\BuildLiteBehavior [ RunTime:0.000020s ]
INFO: Run Common\Behavior\InitHookBehavior [ RunTime:0.002683s ]
INFO: [ app_init ] --END-- [ RunTime:0.003511s ]
ERR: 无法加载模块:Public

[ 2017-07-10T10:50:48+08:00 ] 127.0.0.1 /wwwroot/Public/Home/css/__PUBLIC__/Home/fonts/glyphicons-halflings-regular.woff
INFO: [ app_init ] --START--
INFO: Run Behavior\BuildLiteBehavior [ RunTime:0.000015s ]
INFO: Run Common\Behavior\InitHookBehavior [ RunTime:0.002146s ]
INFO: [ app_init ] --END-- [ RunTime:0.002753s ]
ERR: 无法加载模块:Public

[ 2017-07-10T10:50:48+08:00 ] 127.0.0.1 /wwwroot/Public/Home/css/__PUBLIC__/Home/fonts/glyphicons-halflings-regular.ttf
INFO: [ app_init ] --START--
INFO: Run Behavior\BuildLiteBehavior [ RunTime:0.000013s ]
INFO: Run Common\Behavior\InitHookBehavior [ RunTime:0.001911s ]
INFO: [ app_init ] --END-- [ RunTime:0.002484s ]
ERR: 无法加载模块:Public

[ 2017-07-10T10:52:31+08:00 ] 127.0.0.1 /wwwroot/Public/Home/css/__PUBLIC__/Home/fonts/glyphicons-halflings-regular.woff2
INFO: [ app_init ] --START--
INFO: Run Behavior\BuildLiteBehavior [ RunTime:0.000024s ]
INFO: Run Common\Behavior\InitHookBehavior [ RunTime:0.002717s ]
INFO: [ app_init ] --END-- [ RunTime:0.003434s ]
ERR: 无法加载模块:Public

[ 2017-07-10T10:52:31+08:00 ] 127.0.0.1 /wwwroot/Public/Home/css/__PUBLIC__/Home/fonts/glyphicons-halflings-regular.woff
INFO: [ app_init ] --START--
INFO: Run Behavior\BuildLiteBehavior [ RunTime:0.000013s ]
INFO: Run Common\Behavior\InitHookBehavior [ RunTime:0.001776s ]
INFO: [ app_init ] --END-- [ RunTime:0.002253s ]
ERR: 无法加载模块:Public

[ 2017-07-10T10:52:31+08:00 ] 127.0.0.1 /wwwroot/Public/Home/css/__PUBLIC__/Home/fonts/glyphicons-halflings-regular.ttf
INFO: [ app_init ] --START--
INFO: Run Behavior\BuildLiteBehavior [ RunTime:0.000027s ]
INFO: Run Common\Behavior\InitHookBehavior [ RunTime:0.002192s ]
INFO: [ app_init ] --END-- [ RunTime:0.003011s ]
ERR: 无法加载模块:Public

[ 2017-07-10T10:53:04+08:00 ] 127.0.0.1 /wwwroot/Public/Home/css/__PUBLIC__/Home/fonts/glyphicons-halflings-regular.woff2
INFO: [ app_init ] --START--
INFO: Run Behavior\BuildLiteBehavior [ RunTime:0.000012s ]
INFO: Run Common\Behavior\InitHookBehavior [ RunTime:0.003492s ]
INFO: [ app_init ] --END-- [ RunTime:0.003994s ]
ERR: 无法加载模块:Public

[ 2017-07-10T10:53:04+08:00 ] 127.0.0.1 /wwwroot/Public/Home/css/__PUBLIC__/Home/fonts/glyphicons-halflings-regular.woff
INFO: [ app_init ] --START--
INFO: Run Behavior\BuildLiteBehavior [ RunTime:0.000096s ]
INFO: Run Common\Behavior\InitHookBehavior [ RunTime:0.005977s ]
INFO: [ app_init ] --END-- [ RunTime:0.007940s ]
ERR: 无法加载模块:Public

[ 2017-07-10T10:53:04+08:00 ] 127.0.0.1 /wwwroot/Public/Home/css/__PUBLIC__/Home/fonts/glyphicons-halflings-regular.ttf
INFO: [ app_init ] --START--
INFO: Run Behavior\BuildLiteBehavior [ RunTime:0.000017s ]
INFO: Run Common\Behavior\InitHookBehavior [ RunTime:0.004675s ]
INFO: [ app_init ] --END-- [ RunTime:0.005197s ]
ERR: 无法加载模块:Public

[ 2017-07-10T10:53:50+08:00 ] 127.0.0.1 /wwwroot/Public/Home/css/__PUBLIC__/Home/fonts/glyphicons-halflings-regular.woff2
INFO: [ app_init ] --START--
INFO: Run Behavior\BuildLiteBehavior [ RunTime:0.000013s ]
INFO: Run Common\Behavior\InitHookBehavior [ RunTime:0.002261s ]
INFO: [ app_init ] --END-- [ RunTime:0.002748s ]
ERR: 无法加载模块:Wwwroot

[ 2017-07-10T10:53:50+08:00 ] 127.0.0.1 /wwwroot/Public/Home/css/__PUBLIC__/Home/fonts/glyphicons-halflings-regular.woff
INFO: [ app_init ] --START--
INFO: Run Behavior\BuildLiteBehavior [ RunTime:0.000031s ]
INFO: Run Common\Behavior\InitHookBehavior [ RunTime:0.003338s ]
INFO: [ app_init ] --END-- [ RunTime:0.004251s ]
ERR: 无法加载模块:Wwwroot

[ 2017-07-10T10:53:51+08:00 ] 127.0.0.1 /wwwroot/Public/Home/css/__PUBLIC__/Home/fonts/glyphicons-halflings-regular.ttf
INFO: [ app_init ] --START--
INFO: Run Behavior\BuildLiteBehavior [ RunTime:0.000020s ]
INFO: Run Common\Behavior\InitHookBehavior [ RunTime:0.006828s ]
INFO: [ app_init ] --END-- [ RunTime:0.007700s ]
ERR: 无法加载模块:Wwwroot

[ 2017-07-10T10:53:52+08:00 ] 127.0.0.1 /wwwroot/Public/Home/css/__PUBLIC__/Home/fonts/glyphicons-halflings-regular.woff2
INFO: [ app_init ] --START--
INFO: Run Behavior\BuildLiteBehavior [ RunTime:0.000028s ]
INFO: Run Common\Behavior\InitHookBehavior [ RunTime:0.002767s ]
INFO: [ app_init ] --END-- [ RunTime:0.003438s ]
ERR: 无法加载模块:Wwwroot

[ 2017-07-10T10:53:52+08:00 ] 127.0.0.1 /wwwroot/Public/Home/css/__PUBLIC__/Home/fonts/glyphicons-halflings-regular.woff
INFO: [ app_init ] --START--
INFO: Run Behavior\BuildLiteBehavior [ RunTime:0.000055s ]
INFO: Run Common\Behavior\InitHookBehavior [ RunTime:0.005338s ]
INFO: [ app_init ] --END-- [ RunTime:0.006837s ]
ERR: 无法加载模块:Wwwroot

[ 2017-07-10T10:53:52+08:00 ] 127.0.0.1 /wwwroot/Public/Home/css/__PUBLIC__/Home/fonts/glyphicons-halflings-regular.ttf
INFO: [ app_init ] --START--
INFO: Run Behavior\BuildLiteBehavior [ RunTime:0.000023s ]
INFO: Run Common\Behavior\InitHookBehavior [ RunTime:0.001909s ]
INFO: [ app_init ] --END-- [ RunTime:0.002470s ]
ERR: 无法加载模块:Wwwroot

[ 2017-07-10T10:53:52+08:00 ] 127.0.0.1 /wwwroot/Public/Home/css/__PUBLIC__/Home/fonts/glyphicons-halflings-regular.woff2
INFO: [ app_init ] --START--
INFO: Run Behavior\BuildLiteBehavior [ RunTime:0.000013s ]
INFO: Run Common\Behavior\InitHookBehavior [ RunTime:0.001829s ]
INFO: [ app_init ] --END-- [ RunTime:0.002307s ]
ERR: 无法加载模块:Wwwroot

[ 2017-07-10T10:53:52+08:00 ] 127.0.0.1 /wwwroot/Public/Home/css/__PUBLIC__/Home/fonts/glyphicons-halflings-regular.woff
INFO: [ app_init ] --START--
INFO: Run Behavior\BuildLiteBehavior [ RunTime:0.000025s ]
INFO: Run Common\Behavior\InitHookBehavior [ RunTime:0.002238s ]
INFO: [ app_init ] --END-- [ RunTime:0.003133s ]
ERR: 无法加载模块:Wwwroot

[ 2017-07-10T10:53:52+08:00 ] 127.0.0.1 /wwwroot/Public/Home/css/__PUBLIC__/Home/fonts/glyphicons-halflings-regular.ttf
INFO: [ app_init ] --START--
INFO: Run Behavior\BuildLiteBehavior [ RunTime:0.000026s ]
INFO: Run Common\Behavior\InitHookBehavior [ RunTime:0.004952s ]
INFO: [ app_init ] --END-- [ RunTime:0.006166s ]
ERR: 无法加载模块:Wwwroot

[ 2017-07-10T10:53:52+08:00 ] 127.0.0.1 /wwwroot/Public/Home/css/__PUBLIC__/Home/fonts/glyphicons-halflings-regular.woff2
INFO: [ app_init ] --START--
INFO: Run Behavior\BuildLiteBehavior [ RunTime:0.000014s ]
INFO: Run Common\Behavior\InitHookBehavior [ RunTime:0.002099s ]
INFO: [ app_init ] --END-- [ RunTime:0.002607s ]
ERR: 无法加载模块:Wwwroot

[ 2017-07-10T10:53:52+08:00 ] 127.0.0.1 /wwwroot/Public/Home/css/__PUBLIC__/Home/fonts/glyphicons-halflings-regular.woff
INFO: [ app_init ] --START--
INFO: Run Behavior\BuildLiteBehavior [ RunTime:0.000020s ]
INFO: Run Common\Behavior\InitHookBehavior [ RunTime:0.005396s ]
INFO: [ app_init ] --END-- [ RunTime:0.006116s ]
ERR: 无法加载模块:Wwwroot

[ 2017-07-10T10:53:52+08:00 ] 127.0.0.1 /wwwroot/Public/Home/css/__PUBLIC__/Home/fonts/glyphicons-halflings-regular.ttf
INFO: [ app_init ] --START--
INFO: Run Behavior\BuildLiteBehavior [ RunTime:0.000013s ]
INFO: Run Common\Behavior\InitHookBehavior [ RunTime:0.001738s ]
INFO: [ app_init ] --END-- [ RunTime:0.002276s ]
ERR: 无法加载模块:Wwwroot

[ 2017-07-10T10:53:53+08:00 ] 127.0.0.1 /wwwroot/Public/Home/css/__PUBLIC__/Home/fonts/glyphicons-halflings-regular.woff2
INFO: [ app_init ] --START--
INFO: Run Behavior\BuildLiteBehavior [ RunTime:0.000013s ]
INFO: Run Common\Behavior\InitHookBehavior [ RunTime:0.003317s ]
INFO: [ app_init ] --END-- [ RunTime:0.003800s ]
ERR: 无法加载模块:Wwwroot

[ 2017-07-10T10:53:53+08:00 ] 127.0.0.1 /wwwroot/Public/Home/css/__PUBLIC__/Home/fonts/glyphicons-halflings-regular.woff
INFO: [ app_init ] --START--
INFO: Run Behavior\BuildLiteBehavior [ RunTime:0.000024s ]
INFO: Run Common\Behavior\InitHookBehavior [ RunTime:0.008312s ]
INFO: [ app_init ] --END-- [ RunTime:0.008957s ]
ERR: 无法加载模块:Wwwroot

[ 2017-07-10T10:53:53+08:00 ] 127.0.0.1 /wwwroot/Public/Home/css/__PUBLIC__/Home/fonts/glyphicons-halflings-regular.ttf
INFO: [ app_init ] --START--
INFO: Run Behavior\BuildLiteBehavior [ RunTime:0.000018s ]
INFO: Run Common\Behavior\InitHookBehavior [ RunTime:0.004184s ]
INFO: [ app_init ] --END-- [ RunTime:0.004898s ]
ERR: 无法加载模块:Wwwroot

[ 2017-07-10T10:53:53+08:00 ] 127.0.0.1 /wwwroot/Public/Home/css/__PUBLIC__/Home/fonts/glyphicons-halflings-regular.woff2
INFO: [ app_init ] --START--
INFO: Run Behavior\BuildLiteBehavior [ RunTime:0.000017s ]
INFO: Run Common\Behavior\InitHookBehavior [ RunTime:0.001917s ]
INFO: [ app_init ] --END-- [ RunTime:0.002516s ]
ERR: 无法加载模块:Wwwroot

[ 2017-07-10T10:53:53+08:00 ] 127.0.0.1 /wwwroot/Public/Home/css/__PUBLIC__/Home/fonts/glyphicons-halflings-regular.woff
INFO: [ app_init ] --START--
INFO: Run Behavior\BuildLiteBehavior [ RunTime:0.000017s ]
INFO: Run Common\Behavior\InitHookBehavior [ RunTime:0.004442s ]
INFO: [ app_init ] --END-- [ RunTime:0.005321s ]
ERR: 无法加载模块:Wwwroot

[ 2017-07-10T10:53:53+08:00 ] 127.0.0.1 /wwwroot/Public/Home/css/__PUBLIC__/Home/fonts/glyphicons-halflings-regular.ttf
INFO: [ app_init ] --START--
INFO: Run Behavior\BuildLiteBehavior [ RunTime:0.000017s ]
INFO: Run Common\Behavior\InitHookBehavior [ RunTime:0.002247s ]
INFO: [ app_init ] --END-- [ RunTime:0.002761s ]
ERR: 无法加载模块:Wwwroot

[ 2017-07-10T10:53:53+08:00 ] 127.0.0.1 /wwwroot/Public/Home/css/__PUBLIC__/Home/fonts/glyphicons-halflings-regular.woff2
INFO: [ app_init ] --START--
INFO: Run Behavior\BuildLiteBehavior [ RunTime:0.000014s ]
INFO: Run Common\Behavior\InitHookBehavior [ RunTime:0.001747s ]
INFO: [ app_init ] --END-- [ RunTime:0.002214s ]
ERR: 无法加载模块:Wwwroot

[ 2017-07-10T10:53:53+08:00 ] 127.0.0.1 /wwwroot/Public/Home/css/__PUBLIC__/Home/fonts/glyphicons-halflings-regular.woff
INFO: [ app_init ] --START--
INFO: Run Behavior\BuildLiteBehavior [ RunTime:0.000014s ]
INFO: Run Common\Behavior\InitHookBehavior [ RunTime:0.003974s ]
INFO: [ app_init ] --END-- [ RunTime:0.005043s ]
ERR: 无法加载模块:Wwwroot

[ 2017-07-10T10:53:53+08:00 ] 127.0.0.1 /wwwroot/Public/Home/css/__PUBLIC__/Home/fonts/glyphicons-halflings-regular.ttf
INFO: [ app_init ] --START--
INFO: Run Behavior\BuildLiteBehavior [ RunTime:0.000012s ]
INFO: Run Common\Behavior\InitHookBehavior [ RunTime:0.001629s ]
INFO: [ app_init ] --END-- [ RunTime:0.002093s ]
ERR: 无法加载模块:Wwwroot

[ 2017-07-10T10:53:53+08:00 ] 127.0.0.1 /wwwroot/Public/Home/css/__PUBLIC__/Home/fonts/glyphicons-halflings-regular.woff2
INFO: [ app_init ] --START--
INFO: Run Behavior\BuildLiteBehavior [ RunTime:0.000013s ]
INFO: Run Common\Behavior\InitHookBehavior [ RunTime:0.001890s ]
INFO: [ app_init ] --END-- [ RunTime:0.002401s ]
ERR: 无法加载模块:Wwwroot

[ 2017-07-10T10:53:53+08:00 ] 127.0.0.1 /wwwroot/Public/Home/css/__PUBLIC__/Home/fonts/glyphicons-halflings-regular.woff
INFO: [ app_init ] --START--
INFO: Run Behavior\BuildLiteBehavior [ RunTime:0.000018s ]
INFO: Run Common\Behavior\InitHookBehavior [ RunTime:0.004812s ]
INFO: [ app_init ] --END-- [ RunTime:0.005570s ]
ERR: 无法加载模块:Wwwroot

[ 2017-07-10T10:53:53+08:00 ] 127.0.0.1 /wwwroot/Public/Home/css/__PUBLIC__/Home/fonts/glyphicons-halflings-regular.ttf
INFO: [ app_init ] --START--
INFO: Run Behavior\BuildLiteBehavior [ RunTime:0.000160s ]
INFO: Run Common\Behavior\InitHookBehavior [ RunTime:0.004001s ]
INFO: [ app_init ] --END-- [ RunTime:0.005664s ]
ERR: 无法加载模块:Wwwroot

[ 2017-07-10T10:53:54+08:00 ] 127.0.0.1 /wwwroot/Public/Home/css/__PUBLIC__/Home/fonts/glyphicons-halflings-regular.woff2
INFO: [ app_init ] --START--
INFO: Run Behavior\BuildLiteBehavior [ RunTime:0.000026s ]
INFO: Run Common\Behavior\InitHookBehavior [ RunTime:0.001813s ]
INFO: [ app_init ] --END-- [ RunTime:0.002752s ]
ERR: 无法加载模块:Wwwroot

[ 2017-07-10T10:53:54+08:00 ] 127.0.0.1 /wwwroot/Public/Home/css/__PUBLIC__/Home/fonts/glyphicons-halflings-regular.woff
INFO: [ app_init ] --START--
INFO: Run Behavior\BuildLiteBehavior [ RunTime:0.000013s ]
INFO: Run Common\Behavior\InitHookBehavior [ RunTime:0.001573s ]
INFO: [ app_init ] --END-- [ RunTime:0.002020s ]
ERR: 无法加载模块:Wwwroot

[ 2017-07-10T10:53:54+08:00 ] 127.0.0.1 /wwwroot/Public/Home/css/__PUBLIC__/Home/fonts/glyphicons-halflings-regular.ttf
INFO: [ app_init ] --START--
INFO: Run Behavior\BuildLiteBehavior [ RunTime:0.000011s ]
INFO: Run Common\Behavior\InitHookBehavior [ RunTime:0.001569s ]
INFO: [ app_init ] --END-- [ RunTime:0.002004s ]
ERR: 无法加载模块:Wwwroot

[ 2017-07-10T10:54:09+08:00 ] 127.0.0.1 /wwwroot/Public/Home/css/__PUBLIC__/Home/fonts/glyphicons-halflings-regular.woff2
INFO: [ app_init ] --START--
INFO: Run Behavior\BuildLiteBehavior [ RunTime:0.000012s ]
INFO: Run Common\Behavior\InitHookBehavior [ RunTime:0.002529s ]
INFO: [ app_init ] --END-- [ RunTime:0.002995s ]
ERR: 无法加载模块:Wwwroot

[ 2017-07-10T10:54:09+08:00 ] 127.0.0.1 /wwwroot/Public/Home/css/__PUBLIC__/Home/fonts/glyphicons-halflings-regular.woff
INFO: [ app_init ] --START--
INFO: Run Behavior\BuildLiteBehavior [ RunTime:0.000025s ]
INFO: Run Common\Behavior\InitHookBehavior [ RunTime:0.002790s ]
INFO: [ app_init ] --END-- [ RunTime:0.004086s ]
ERR: 无法加载模块:Wwwroot

[ 2017-07-10T10:54:09+08:00 ] 127.0.0.1 /wwwroot/Public/Home/css/__PUBLIC__/Home/fonts/glyphicons-halflings-regular.ttf
INFO: [ app_init ] --START--
INFO: Run Behavior\BuildLiteBehavior [ RunTime:0.000015s ]
INFO: Run Common\Behavior\InitHookBehavior [ RunTime:0.002536s ]
INFO: [ app_init ] --END-- [ RunTime:0.003186s ]
ERR: 无法加载模块:Wwwroot

[ 2017-07-10T10:54:10+08:00 ] 127.0.0.1 /wwwroot/Public/Home/css/__PUBLIC__/Home/fonts/glyphicons-halflings-regular.woff2
INFO: [ app_init ] --START--
INFO: Run Behavior\BuildLiteBehavior [ RunTime:0.000013s ]
INFO: Run Common\Behavior\InitHookBehavior [ RunTime:0.001695s ]
INFO: [ app_init ] --END-- [ RunTime:0.002146s ]
ERR: 无法加载模块:Wwwroot

[ 2017-07-10T10:54:10+08:00 ] 127.0.0.1 /wwwroot/Public/Home/css/__PUBLIC__/Home/fonts/glyphicons-halflings-regular.woff
INFO: [ app_init ] --START--
INFO: Run Behavior\BuildLiteBehavior [ RunTime:0.000025s ]
INFO: Run Common\Behavior\InitHookBehavior [ RunTime:0.004655s ]
INFO: [ app_init ] --END-- [ RunTime:0.005357s ]
ERR: 无法加载模块:Wwwroot

[ 2017-07-10T10:54:10+08:00 ] 127.0.0.1 /wwwroot/Public/Home/css/__PUBLIC__/Home/fonts/glyphicons-halflings-regular.ttf
INFO: [ app_init ] --START--
INFO: Run Behavior\BuildLiteBehavior [ RunTime:0.000018s ]
INFO: Run Common\Behavior\InitHookBehavior [ RunTime:0.002123s ]
INFO: [ app_init ] --END-- [ RunTime:0.002621s ]
ERR: 无法加载模块:Wwwroot

[ 2017-07-10T10:54:10+08:00 ] 127.0.0.1 /wwwroot/Public/Home/css/__PUBLIC__/Home/fonts/glyphicons-halflings-regular.woff2
INFO: [ app_init ] --START--
INFO: Run Behavior\BuildLiteBehavior [ RunTime:0.000019s ]
INFO: Run Common\Behavior\InitHookBehavior [ RunTime:0.002415s ]
INFO: [ app_init ] --END-- [ RunTime:0.003041s ]
ERR: 无法加载模块:Wwwroot

[ 2017-07-10T10:54:10+08:00 ] 127.0.0.1 /wwwroot/Public/Home/css/__PUBLIC__/Home/fonts/glyphicons-halflings-regular.woff
INFO: [ app_init ] --START--
INFO: Run Behavior\BuildLiteBehavior [ RunTime:0.000031s ]
INFO: Run Common\Behavior\InitHookBehavior [ RunTime:0.002841s ]
INFO: [ app_init ] --END-- [ RunTime:0.003870s ]
ERR: 无法加载模块:Wwwroot

[ 2017-07-10T10:54:10+08:00 ] 127.0.0.1 /wwwroot/Public/Home/css/__PUBLIC__/Home/fonts/glyphicons-halflings-regular.ttf
INFO: [ app_init ] --START--
INFO: Run Behavior\BuildLiteBehavior [ RunTime:0.000017s ]
INFO: Run Common\Behavior\InitHookBehavior [ RunTime:0.001620s ]
INFO: [ app_init ] --END-- [ RunTime:0.002059s ]
ERR: 无法加载模块:Wwwroot

[ 2017-07-10T10:54:10+08:00 ] 127.0.0.1 /wwwroot/Public/Home/css/__PUBLIC__/Home/fonts/glyphicons-halflings-regular.woff2
INFO: [ app_init ] --START--
INFO: Run Behavior\BuildLiteBehavior [ RunTime:0.000013s ]
INFO: Run Common\Behavior\InitHookBehavior [ RunTime:0.001730s ]
INFO: [ app_init ] --END-- [ RunTime:0.002269s ]
ERR: 无法加载模块:Wwwroot

[ 2017-07-10T10:54:10+08:00 ] 127.0.0.1 /wwwroot/Public/Home/css/__PUBLIC__/Home/fonts/glyphicons-halflings-regular.woff
INFO: [ app_init ] --START--
INFO: Run Behavior\BuildLiteBehavior [ RunTime:0.000041s ]
INFO: Run Common\Behavior\InitHookBehavior [ RunTime:0.004017s ]
INFO: [ app_init ] --END-- [ RunTime:0.005554s ]
ERR: 无法加载模块:Wwwroot

[ 2017-07-10T10:54:10+08:00 ] 127.0.0.1 /wwwroot/Public/Home/css/__PUBLIC__/Home/fonts/glyphicons-halflings-regular.ttf
INFO: [ app_init ] --START--
INFO: Run Behavior\BuildLiteBehavior [ RunTime:0.000012s ]
INFO: Run Common\Behavior\InitHookBehavior [ RunTime:0.004335s ]
INFO: [ app_init ] --END-- [ RunTime:0.004765s ]
ERR: 无法加载模块:Wwwroot

[ 2017-07-10T10:54:16+08:00 ] 127.0.0.1 /wwwroot/Public/Home/css/__PUBLIC__/Home/fonts/glyphicons-halflings-regular.woff2
INFO: [ app_init ] --START--
INFO: Run Behavior\BuildLiteBehavior [ RunTime:0.000012s ]
INFO: Run Common\Behavior\InitHookBehavior [ RunTime:0.001713s ]
INFO: [ app_init ] --END-- [ RunTime:0.002162s ]
ERR: 无法加载模块:Wwwroot

[ 2017-07-10T10:54:16+08:00 ] 127.0.0.1 /wwwroot/Public/Home/css/__PUBLIC__/Home/fonts/glyphicons-halflings-regular.woff
INFO: [ app_init ] --START--
INFO: Run Behavior\BuildLiteBehavior [ RunTime:0.000014s ]
INFO: Run Common\Behavior\InitHookBehavior [ RunTime:0.003073s ]
INFO: [ app_init ] --END-- [ RunTime:0.003765s ]
ERR: 无法加载模块:Wwwroot

[ 2017-07-10T10:54:16+08:00 ] 127.0.0.1 /wwwroot/Public/Home/css/__PUBLIC__/Home/fonts/glyphicons-halflings-regular.ttf
INFO: [ app_init ] --START--
INFO: Run Behavior\BuildLiteBehavior [ RunTime:0.000013s ]
INFO: Run Common\Behavior\InitHookBehavior [ RunTime:0.004194s ]
INFO: [ app_init ] --END-- [ RunTime:0.004684s ]
ERR: 无法加载模块:Wwwroot

[ 2017-07-10T10:54:19+08:00 ] 127.0.0.1 /wwwroot/admin.php?s=/Center/index.html
INFO: [ app_init ] --START--
INFO: Run Behavior\BuildLiteBehavior [ RunTime:0.000013s ]
INFO: Run Common\Behavior\InitHookBehavior [ RunTime:0.002106s ]
INFO: [ app_init ] --END-- [ RunTime:0.002640s ]
ERR: 无法加载模块:Center

[ 2017-07-10T10:54:54+08:00 ] 127.0.0.1 /wwwroot/Public/Home/css/__PUBLIC__/Home/fonts/glyphicons-halflings-regular.woff2
INFO: [ app_init ] --START--
INFO: Run Behavior\BuildLiteBehavior [ RunTime:0.000026s ]
INFO: Run Common\Behavior\InitHookBehavior [ RunTime:0.002661s ]
INFO: [ app_init ] --END-- [ RunTime:0.003393s ]
ERR: 无法加载模块:Public

[ 2017-07-10T10:54:54+08:00 ] 127.0.0.1 /wwwroot/Public/Home/css/__PUBLIC__/Home/fonts/glyphicons-halflings-regular.woff
INFO: [ app_init ] --START--
INFO: Run Behavior\BuildLiteBehavior [ RunTime:0.000014s ]
INFO: Run Common\Behavior\InitHookBehavior [ RunTime:0.001741s ]
INFO: [ app_init ] --END-- [ RunTime:0.002283s ]
ERR: 无法加载模块:Public

[ 2017-07-10T10:54:55+08:00 ] 127.0.0.1 /wwwroot/Public/Home/css/__PUBLIC__/Home/fonts/glyphicons-halflings-regular.ttf
INFO: [ app_init ] --START--
INFO: Run Behavior\BuildLiteBehavior [ RunTime:0.000012s ]
INFO: Run Common\Behavior\InitHookBehavior [ RunTime:0.003180s ]
INFO: [ app_init ] --END-- [ RunTime:0.003598s ]
ERR: 无法加载模块:Public

[ 2017-07-10T10:54:55+08:00 ] 127.0.0.1 /wwwroot/Public/Home/css/__PUBLIC__/Home/fonts/glyphicons-halflings-regular.woff2
INFO: [ app_init ] --START--
INFO: Run Behavior\BuildLiteBehavior [ RunTime:0.000013s ]
INFO: Run Common\Behavior\InitHookBehavior [ RunTime:0.001708s ]
INFO: [ app_init ] --END-- [ RunTime:0.002227s ]
ERR: 无法加载模块:Public

[ 2017-07-10T10:54:55+08:00 ] 127.0.0.1 /wwwroot/Public/Home/css/__PUBLIC__/Home/fonts/glyphicons-halflings-regular.woff
INFO: [ app_init ] --START--
INFO: Run Behavior\BuildLiteBehavior [ RunTime:0.000028s ]
INFO: Run Common\Behavior\InitHookBehavior [ RunTime:0.003339s ]
INFO: [ app_init ] --END-- [ RunTime:0.004525s ]
ERR: 无法加载模块:Public

[ 2017-07-10T10:54:55+08:00 ] 127.0.0.1 /wwwroot/Public/Home/css/__PUBLIC__/Home/fonts/glyphicons-halflings-regular.ttf
INFO: [ app_init ] --START--
INFO: Run Behavior\BuildLiteBehavior [ RunTime:0.000021s ]
INFO: Run Common\Behavior\InitHookBehavior [ RunTime:0.003380s ]
INFO: [ app_init ] --END-- [ RunTime:0.004044s ]
ERR: 无法加载模块:Public

[ 2017-07-10T10:54:55+08:00 ] 127.0.0.1 /wwwroot/Public/Home/css/__PUBLIC__/Home/fonts/glyphicons-halflings-regular.woff2
INFO: [ app_init ] --START--
INFO: Run Behavior\BuildLiteBehavior [ RunTime:0.000023s ]
INFO: Run Common\Behavior\InitHookBehavior [ RunTime:0.002440s ]
INFO: [ app_init ] --END-- [ RunTime:0.003230s ]
ERR: 无法加载模块:Public

[ 2017-07-10T10:54:55+08:00 ] 127.0.0.1 /wwwroot/Public/Home/css/__PUBLIC__/Home/fonts/glyphicons-halflings-regular.woff
INFO: [ app_init ] --START--
INFO: Run Behavior\BuildLiteBehavior [ RunTime:0.000027s ]
INFO: Run Common\Behavior\InitHookBehavior [ RunTime:0.002608s ]
INFO: [ app_init ] --END-- [ RunTime:0.003600s ]
ERR: 无法加载模块:Public

[ 2017-07-10T10:54:55+08:00 ] 127.0.0.1 /wwwroot/Public/Home/css/__PUBLIC__/Home/fonts/glyphicons-halflings-regular.ttf
INFO: [ app_init ] --START--
INFO: Run Behavior\BuildLiteBehavior [ RunTime:0.000023s ]
INFO: Run Common\Behavior\InitHookBehavior [ RunTime:0.003808s ]
INFO: [ app_init ] --END-- [ RunTime:0.004725s ]
ERR: 无法加载模块:Public

[ 2017-07-10T10:54:56+08:00 ] 127.0.0.1 /wwwroot/Public/Home/css/__PUBLIC__/Home/fonts/glyphicons-halflings-regular.woff2
INFO: [ app_init ] --START--
INFO: Run Behavior\BuildLiteBehavior [ RunTime:0.000013s ]
INFO: Run Common\Behavior\InitHookBehavior [ RunTime:0.001746s ]
INFO: [ app_init ] --END-- [ RunTime:0.002231s ]
ERR: 无法加载模块:Public

[ 2017-07-10T10:54:56+08:00 ] 127.0.0.1 /wwwroot/Public/Home/css/__PUBLIC__/Home/fonts/glyphicons-halflings-regular.woff
INFO: [ app_init ] --START--
INFO: Run Behavior\BuildLiteBehavior [ RunTime:0.000041s ]
INFO: Run Common\Behavior\InitHookBehavior [ RunTime:0.002702s ]
INFO: [ app_init ] --END-- [ RunTime:0.003731s ]
ERR: 无法加载模块:Public

[ 2017-07-10T10:54:56+08:00 ] 127.0.0.1 /wwwroot/Public/Home/css/__PUBLIC__/Home/fonts/glyphicons-halflings-regular.ttf
INFO: [ app_init ] --START--
INFO: Run Behavior\BuildLiteBehavior [ RunTime:0.000018s ]
INFO: Run Common\Behavior\InitHookBehavior [ RunTime:0.004203s ]
INFO: [ app_init ] --END-- [ RunTime:0.005050s ]
ERR: 无法加载模块:Public

[ 2017-07-10T10:54:56+08:00 ] 127.0.0.1 /wwwroot/Public/Home/css/__PUBLIC__/Home/fonts/glyphicons-halflings-regular.woff2
INFO: [ app_init ] --START--
INFO: Run Behavior\BuildLiteBehavior [ RunTime:0.000013s ]
INFO: Run Common\Behavior\InitHookBehavior [ RunTime:0.002257s ]
INFO: [ app_init ] --END-- [ RunTime:0.002736s ]
ERR: 无法加载模块:Public

[ 2017-07-10T10:54:56+08:00 ] 127.0.0.1 /wwwroot/Public/Home/css/__PUBLIC__/Home/fonts/glyphicons-halflings-regular.woff
INFO: [ app_init ] --START--
INFO: Run Behavior\BuildLiteBehavior [ RunTime:0.000025s ]
INFO: Run Common\Behavior\InitHookBehavior [ RunTime:0.005128s ]
INFO: [ app_init ] --END-- [ RunTime:0.006382s ]
ERR: 无法加载模块:Public

[ 2017-07-10T10:54:56+08:00 ] 127.0.0.1 /wwwroot/Public/Home/css/__PUBLIC__/Home/fonts/glyphicons-halflings-regular.ttf
INFO: [ app_init ] --START--
INFO: Run Behavior\BuildLiteBehavior [ RunTime:0.000012s ]
INFO: Run Common\Behavior\InitHookBehavior [ RunTime:0.005131s ]
INFO: [ app_init ] --END-- [ RunTime:0.005596s ]
ERR: 无法加载模块:Public

[ 2017-07-10T10:58:06+08:00 ] 127.0.0.1 /Public/Home/css/__PUBLIC__/Home/fonts/glyphicons-halflings-regular.woff2
INFO: [ app_init ] --START--
INFO: Run Behavior\BuildLiteBehavior [ RunTime:0.000014s ]
INFO: Run Common\Behavior\InitHookBehavior [ RunTime:0.002204s ]
INFO: [ app_init ] --END-- [ RunTime:0.002828s ]
ERR: 无法加载模块:Public

[ 2017-07-10T10:58:06+08:00 ] 127.0.0.1 /Public/Home/css/__PUBLIC__/Home/fonts/glyphicons-halflings-regular.woff
INFO: [ app_init ] --START--
INFO: Run Behavior\BuildLiteBehavior [ RunTime:0.000013s ]
INFO: Run Common\Behavior\InitHookBehavior [ RunTime:0.002064s ]
INFO: [ app_init ] --END-- [ RunTime:0.002638s ]
ERR: 无法加载模块:Public

[ 2017-07-10T10:58:06+08:00 ] 127.0.0.1 /Public/Home/css/__PUBLIC__/Home/fonts/glyphicons-halflings-regular.ttf
INFO: [ app_init ] --START--
INFO: Run Behavior\BuildLiteBehavior [ RunTime:0.000012s ]
INFO: Run Common\Behavior\InitHookBehavior [ RunTime:0.002120s ]
INFO: [ app_init ] --END-- [ RunTime:0.002655s ]
ERR: 无法加载模块:Public

[ 2017-07-10T10:58:45+08:00 ] 127.0.0.1 /Public/Home/css/__PUBLIC__/Home/fonts/glyphicons-halflings-regular.woff2
INFO: [ app_init ] --START--
INFO: Run Behavior\BuildLiteBehavior [ RunTime:0.000013s ]
INFO: Run Common\Behavior\InitHookBehavior [ RunTime:0.003377s ]
INFO: [ app_init ] --END-- [ RunTime:0.003874s ]
ERR: 无法加载模块:Public

[ 2017-07-10T10:58:45+08:00 ] 127.0.0.1 /Public/Home/css/__PUBLIC__/Home/fonts/glyphicons-halflings-regular.woff
INFO: [ app_init ] --START--
INFO: Run Behavior\BuildLiteBehavior [ RunTime:0.000029s ]
INFO: Run Common\Behavior\InitHookBehavior [ RunTime:0.004580s ]
INFO: [ app_init ] --END-- [ RunTime:0.005393s ]
ERR: 无法加载模块:Public

[ 2017-07-10T10:58:45+08:00 ] 127.0.0.1 /Public/Home/css/__PUBLIC__/Home/fonts/glyphicons-halflings-regular.ttf
INFO: [ app_init ] --START--
INFO: Run Behavior\BuildLiteBehavior [ RunTime:0.000012s ]
INFO: Run Common\Behavior\InitHookBehavior [ RunTime:0.001568s ]
INFO: [ app_init ] --END-- [ RunTime:0.001983s ]
ERR: 无法加载模块:Public

[ 2017-07-10T10:58:47+08:00 ] 127.0.0.1 /Public/Home/css/__PUBLIC__/Home/fonts/glyphicons-halflings-regular.woff2
INFO: [ app_init ] --START--
INFO: Run Behavior\BuildLiteBehavior [ RunTime:0.000029s ]
INFO: Run Common\Behavior\InitHookBehavior [ RunTime:0.003529s ]
INFO: [ app_init ] --END-- [ RunTime:0.004426s ]
ERR: 无法加载模块:Public

[ 2017-07-10T10:58:47+08:00 ] 127.0.0.1 /Public/Home/css/__PUBLIC__/Home/fonts/glyphicons-halflings-regular.woff
INFO: [ app_init ] --START--
INFO: Run Behavior\BuildLiteBehavior [ RunTime:0.000013s ]
INFO: Run Common\Behavior\InitHookBehavior [ RunTime:0.001632s ]
INFO: [ app_init ] --END-- [ RunTime:0.002080s ]
ERR: 无法加载模块:Public

[ 2017-07-10T10:58:47+08:00 ] 127.0.0.1 /Public/Home/css/__PUBLIC__/Home/fonts/glyphicons-halflings-regular.ttf
INFO: [ app_init ] --START--
INFO: Run Behavior\BuildLiteBehavior [ RunTime:0.000013s ]
INFO: Run Common\Behavior\InitHookBehavior [ RunTime:0.001649s ]
INFO: [ app_init ] --END-- [ RunTime:0.002116s ]
ERR: 无法加载模块:Public

[ 2017-07-10T11:00:02+08:00 ] 127.0.0.1 /Public/Home/css/__PUBLIC__/Home/fonts/glyphicons-halflings-regular.woff2
INFO: [ app_init ] --START--
INFO: Run Behavior\BuildLiteBehavior [ RunTime:0.000023s ]
INFO: Run Common\Behavior\InitHookBehavior [ RunTime:0.001908s ]
INFO: [ app_init ] --END-- [ RunTime:0.002593s ]
ERR: 无法加载模块:Public

[ 2017-07-10T11:00:02+08:00 ] 127.0.0.1 /Public/Home/css/__PUBLIC__/Home/fonts/glyphicons-halflings-regular.woff
INFO: [ app_init ] --START--
INFO: Run Behavior\BuildLiteBehavior [ RunTime:0.000016s ]
INFO: Run Common\Behavior\InitHookBehavior [ RunTime:0.001867s ]
INFO: [ app_init ] --END-- [ RunTime:0.002406s ]
ERR: 无法加载模块:Public

[ 2017-07-10T11:00:02+08:00 ] 127.0.0.1 /Public/Home/css/__PUBLIC__/Home/fonts/glyphicons-halflings-regular.ttf
INFO: [ app_init ] --START--
INFO: Run Behavior\BuildLiteBehavior [ RunTime:0.000033s ]
INFO: Run Common\Behavior\InitHookBehavior [ RunTime:0.008518s ]
INFO: [ app_init ] --END-- [ RunTime:0.009122s ]
ERR: 无法加载模块:Public

[ 2017-07-10T11:00:40+08:00 ] 127.0.0.1 /Public/Home/css/__PUBLIC__/Home/fonts/glyphicons-halflings-regular.woff2
INFO: [ app_init ] --START--
INFO: Run Behavior\BuildLiteBehavior [ RunTime:0.000017s ]
INFO: Run Common\Behavior\InitHookBehavior [ RunTime:0.002237s ]
INFO: [ app_init ] --END-- [ RunTime:0.002709s ]
ERR: 无法加载模块:Public

[ 2017-07-10T11:00:40+08:00 ] 127.0.0.1 /Public/Home/css/__PUBLIC__/Home/fonts/glyphicons-halflings-regular.woff
INFO: [ app_init ] --START--
INFO: Run Behavior\BuildLiteBehavior [ RunTime:0.000021s ]
INFO: Run Common\Behavior\InitHookBehavior [ RunTime:0.003143s ]
INFO: [ app_init ] --END-- [ RunTime:0.004033s ]
ERR: 无法加载模块:Public

[ 2017-07-10T11:00:40+08:00 ] 127.0.0.1 /Public/Home/css/__PUBLIC__/Home/fonts/glyphicons-halflings-regular.ttf
INFO: [ app_init ] --START--
INFO: Run Behavior\BuildLiteBehavior [ RunTime:0.000012s ]
INFO: Run Common\Behavior\InitHookBehavior [ RunTime:0.001736s ]
INFO: [ app_init ] --END-- [ RunTime:0.002145s ]
ERR: 无法加载模块:Public

[ 2017-07-10T11:00:41+08:00 ] 127.0.0.1 /Public/Home/css/__PUBLIC__/Home/fonts/glyphicons-halflings-regular.woff2
INFO: [ app_init ] --START--
INFO: Run Behavior\BuildLiteBehavior [ RunTime:0.000017s ]
INFO: Run Common\Behavior\InitHookBehavior [ RunTime:0.002372s ]
INFO: [ app_init ] --END-- [ RunTime:0.003010s ]
ERR: 无法加载模块:Public

[ 2017-07-10T11:00:41+08:00 ] 127.0.0.1 /Public/Home/css/__PUBLIC__/Home/fonts/glyphicons-halflings-regular.woff
INFO: [ app_init ] --START--
INFO: Run Behavior\BuildLiteBehavior [ RunTime:0.000012s ]
INFO: Run Common\Behavior\InitHookBehavior [ RunTime:0.001679s ]
INFO: [ app_init ] --END-- [ RunTime:0.002153s ]
ERR: 无法加载模块:Public

[ 2017-07-10T11:00:41+08:00 ] 127.0.0.1 /Public/Home/css/__PUBLIC__/Home/fonts/glyphicons-halflings-regular.ttf
INFO: [ app_init ] --START--
INFO: Run Behavior\BuildLiteBehavior [ RunTime:0.000014s ]
INFO: Run Common\Behavior\InitHookBehavior [ RunTime:0.001803s ]
INFO: [ app_init ] --END-- [ RunTime:0.002227s ]
ERR: 无法加载模块:Public

[ 2017-07-10T11:00:41+08:00 ] 127.0.0.1 /Public/Home/css/__PUBLIC__/Home/fonts/glyphicons-halflings-regular.woff2
INFO: [ app_init ] --START--
INFO: Run Behavior\BuildLiteBehavior [ RunTime:0.000033s ]
INFO: Run Common\Behavior\InitHookBehavior [ RunTime:0.003744s ]
INFO: [ app_init ] --END-- [ RunTime:0.004449s ]
ERR: 无法加载模块:Public

[ 2017-07-10T11:00:41+08:00 ] 127.0.0.1 /Public/Home/css/__PUBLIC__/Home/fonts/glyphicons-halflings-regular.woff
INFO: [ app_init ] --START--
INFO: Run Behavior\BuildLiteBehavior [ RunTime:0.000014s ]
INFO: Run Common\Behavior\InitHookBehavior [ RunTime:0.001603s ]
INFO: [ app_init ] --END-- [ RunTime:0.002068s ]
ERR: 无法加载模块:Public

[ 2017-07-10T11:00:41+08:00 ] 127.0.0.1 /Public/Home/css/__PUBLIC__/Home/fonts/glyphicons-halflings-regular.ttf
INFO: [ app_init ] --START--
INFO: Run Behavior\BuildLiteBehavior [ RunTime:0.000014s ]
INFO: Run Common\Behavior\InitHookBehavior [ RunTime:0.001640s ]
INFO: [ app_init ] --END-- [ RunTime:0.002084s ]
ERR: 无法加载模块:Public

[ 2017-07-10T11:00:41+08:00 ] 127.0.0.1 /Public/Home/css/__PUBLIC__/Home/fonts/glyphicons-halflings-regular.woff2
INFO: [ app_init ] --START--
INFO: Run Behavior\BuildLiteBehavior [ RunTime:0.000012s ]
INFO: Run Common\Behavior\InitHookBehavior [ RunTime:0.001678s ]
INFO: [ app_init ] --END-- [ RunTime:0.002121s ]
ERR: 无法加载模块:Public

[ 2017-07-10T11:00:41+08:00 ] 127.0.0.1 /Public/Home/css/__PUBLIC__/Home/fonts/glyphicons-halflings-regular.woff
INFO: [ app_init ] --START--
INFO: Run Behavior\BuildLiteBehavior [ RunTime:0.000023s ]
INFO: Run Common\Behavior\InitHookBehavior [ RunTime:0.001714s ]
INFO: [ app_init ] --END-- [ RunTime:0.002192s ]
ERR: 无法加载模块:Public

[ 2017-07-10T11:00:41+08:00 ] 127.0.0.1 /Public/Home/css/__PUBLIC__/Home/fonts/glyphicons-halflings-regular.ttf
INFO: [ app_init ] --START--
INFO: Run Behavior\BuildLiteBehavior [ RunTime:0.000012s ]
INFO: Run Common\Behavior\InitHookBehavior [ RunTime:0.001618s ]
INFO: [ app_init ] --END-- [ RunTime:0.002105s ]
ERR: 无法加载模块:Public

[ 2017-07-10T11:01:09+08:00 ] 127.0.0.1 /Public/Home/css/__PUBLIC__/Home/fonts/glyphicons-halflings-regular.woff2
INFO: [ app_init ] --START--
INFO: Run Behavior\BuildLiteBehavior [ RunTime:0.000018s ]
INFO: Run Common\Behavior\InitHookBehavior [ RunTime:0.002424s ]
INFO: [ app_init ] --END-- [ RunTime:0.003094s ]
ERR: 无法加载模块:Public

[ 2017-07-10T11:01:09+08:00 ] 127.0.0.1 /Public/Home/css/__PUBLIC__/Home/fonts/glyphicons-halflings-regular.woff
INFO: [ app_init ] --START--
INFO: Run Behavior\BuildLiteBehavior [ RunTime:0.000012s ]
INFO: Run Common\Behavior\InitHookBehavior [ RunTime:0.003303s ]
INFO: [ app_init ] --END-- [ RunTime:0.003749s ]
ERR: 无法加载模块:Public

[ 2017-07-10T11:01:09+08:00 ] 127.0.0.1 /Public/Home/css/__PUBLIC__/Home/fonts/glyphicons-halflings-regular.ttf
INFO: [ app_init ] --START--
INFO: Run Behavior\BuildLiteBehavior [ RunTime:0.000015s ]
INFO: Run Common\Behavior\InitHookBehavior [ RunTime:0.001652s ]
INFO: [ app_init ] --END-- [ RunTime:0.002169s ]
ERR: 无法加载模块:Public

[ 2017-07-10T11:01:10+08:00 ] 127.0.0.1 /Public/Home/css/__PUBLIC__/Home/fonts/glyphicons-halflings-regular.woff2
INFO: [ app_init ] --START--
INFO: Run Behavior\BuildLiteBehavior [ RunTime:0.000019s ]
INFO: Run Common\Behavior\InitHookBehavior [ RunTime:0.003344s ]
INFO: [ app_init ] --END-- [ RunTime:0.003993s ]
ERR: 无法加载模块:Public

[ 2017-07-10T11:01:11+08:00 ] 127.0.0.1 /Public/Home/css/__PUBLIC__/Home/fonts/glyphicons-halflings-regular.woff
INFO: [ app_init ] --START--
INFO: Run Behavior\BuildLiteBehavior [ RunTime:0.000020s ]
INFO: Run Common\Behavior\InitHookBehavior [ RunTime:0.001722s ]
INFO: [ app_init ] --END-- [ RunTime:0.002435s ]
ERR: 无法加载模块:Public

[ 2017-07-10T11:01:11+08:00 ] 127.0.0.1 /Public/Home/css/__PUBLIC__/Home/fonts/glyphicons-halflings-regular.ttf
INFO: [ app_init ] --START--
INFO: Run Behavior\BuildLiteBehavior [ RunTime:0.000038s ]
INFO: Run Common\Behavior\InitHookBehavior [ RunTime:0.002235s ]
INFO: [ app_init ] --END-- [ RunTime:0.003740s ]
ERR: 无法加载模块:Public

[ 2017-07-10T11:01:11+08:00 ] 127.0.0.1 /Public/Home/css/__PUBLIC__/Home/fonts/glyphicons-halflings-regular.woff2
INFO: [ app_init ] --START--
INFO: Run Behavior\BuildLiteBehavior [ RunTime:0.000030s ]
INFO: Run Common\Behavior\InitHookBehavior [ RunTime:0.002464s ]
INFO: [ app_init ] --END-- [ RunTime:0.003259s ]
ERR: 无法加载模块:Public

[ 2017-07-10T11:01:11+08:00 ] 127.0.0.1 /Public/Home/css/__PUBLIC__/Home/fonts/glyphicons-halflings-regular.woff
INFO: [ app_init ] --START--
INFO: Run Behavior\BuildLiteBehavior [ RunTime:0.000014s ]
INFO: Run Common\Behavior\InitHookBehavior [ RunTime:0.001819s ]
INFO: [ app_init ] --END-- [ RunTime:0.002267s ]
ERR: 无法加载模块:Public

[ 2017-07-10T11:01:11+08:00 ] 127.0.0.1 /Public/Home/css/__PUBLIC__/Home/fonts/glyphicons-halflings-regular.ttf
INFO: [ app_init ] --START--
INFO: Run Behavior\BuildLiteBehavior [ RunTime:0.000012s ]
INFO: Run Common\Behavior\InitHookBehavior [ RunTime:0.001611s ]
INFO: [ app_init ] --END-- [ RunTime:0.002058s ]
ERR: 无法加载模块:Public

[ 2017-07-10T11:01:11+08:00 ] 127.0.0.1 /Public/Home/css/__PUBLIC__/Home/fonts/glyphicons-halflings-regular.woff2
INFO: [ app_init ] --START--
INFO: Run Behavior\BuildLiteBehavior [ RunTime:0.000024s ]
INFO: Run Common\Behavior\InitHookBehavior [ RunTime:0.003294s ]
INFO: [ app_init ] --END-- [ RunTime:0.004085s ]
ERR: 无法加载模块:Public

[ 2017-07-10T11:01:11+08:00 ] 127.0.0.1 /Public/Home/css/__PUBLIC__/Home/fonts/glyphicons-halflings-regular.woff
INFO: [ app_init ] --START--
INFO: Run Behavior\BuildLiteBehavior [ RunTime:0.000039s ]
INFO: Run Common\Behavior\InitHookBehavior [ RunTime:0.002080s ]
INFO: [ app_init ] --END-- [ RunTime:0.003161s ]
ERR: 无法加载模块:Public

[ 2017-07-10T11:01:11+08:00 ] 127.0.0.1 /Public/Home/css/__PUBLIC__/Home/fonts/glyphicons-halflings-regular.ttf
INFO: [ app_init ] --START--
INFO: Run Behavior\BuildLiteBehavior [ RunTime:0.000012s ]
INFO: Run Common\Behavior\InitHookBehavior [ RunTime:0.001607s ]
INFO: [ app_init ] --END-- [ RunTime:0.002101s ]
ERR: 无法加载模块:Public

[ 2017-07-10T11:01:12+08:00 ] 127.0.0.1 /Public/Home/css/__PUBLIC__/Home/fonts/glyphicons-halflings-regular.woff2
INFO: [ app_init ] --START--
INFO: Run Behavior\BuildLiteBehavior [ RunTime:0.000014s ]
INFO: Run Common\Behavior\InitHookBehavior [ RunTime:0.003470s ]
INFO: [ app_init ] --END-- [ RunTime:0.004002s ]
ERR: 无法加载模块:Public

[ 2017-07-10T11:01:12+08:00 ] 127.0.0.1 /Public/Home/css/__PUBLIC__/Home/fonts/glyphicons-halflings-regular.woff
INFO: [ app_init ] --START--
INFO: Run Behavior\BuildLiteBehavior [ RunTime:0.000024s ]
INFO: Run Common\Behavior\InitHookBehavior [ RunTime:0.003638s ]
INFO: [ app_init ] --END-- [ RunTime:0.005130s ]
ERR: 无法加载模块:Public

[ 2017-07-10T11:01:12+08:00 ] 127.0.0.1 /Public/Home/css/__PUBLIC__/Home/fonts/glyphicons-halflings-regular.ttf
INFO: [ app_init ] --START--
INFO: Run Behavior\BuildLiteBehavior [ RunTime:0.000015s ]
INFO: Run Common\Behavior\InitHookBehavior [ RunTime:0.003494s ]
INFO: [ app_init ] --END-- [ RunTime:0.004113s ]
ERR: 无法加载模块:Public

[ 2017-07-10T11:03:07+08:00 ] 127.0.0.1 /wwwroot/admin.php?s=/Activity/index.html
INFO: [ app_init ] --START--
INFO: Run Behavior\BuildLiteBehavior [ RunTime:0.000013s ]
INFO: Run Common\Behavior\InitHookBehavior [ RunTime:0.002394s ]
INFO: [ app_init ] --END-- [ RunTime:0.002950s ]
ERR: 无法加载模块:Activity

[ 2017-07-10T11:03:09+08:00 ] 127.0.0.1 /wwwroot/admin.php?s=/Activity/index.html
INFO: [ app_init ] --START--
INFO: Run Behavior\BuildLiteBehavior [ RunTime:0.000013s ]
INFO: Run Common\Behavior\InitHookBehavior [ RunTime:0.002088s ]
INFO: [ app_init ] --END-- [ RunTime:0.002570s ]
ERR: 无法加载模块:Activity

[ 2017-07-10T11:03:10+08:00 ] 127.0.0.1 /wwwroot/admin.php?s=/Center/index.html
INFO: [ app_init ] --START--
INFO: Run Behavior\BuildLiteBehavior [ RunTime:0.000012s ]
INFO: Run Common\Behavior\InitHookBehavior [ RunTime:0.002171s ]
INFO: [ app_init ] --END-- [ RunTime:0.002700s ]
ERR: 无法加载模块:Center

[ 2017-07-10T11:03:10+08:00 ] 127.0.0.1 /wwwroot/admin.php?s=/Center/index.html
INFO: [ app_init ] --START--
INFO: Run Behavior\BuildLiteBehavior [ RunTime:0.000012s ]
INFO: Run Common\Behavior\InitHookBehavior [ RunTime:0.001998s ]
INFO: [ app_init ] --END-- [ RunTime:0.002521s ]
ERR: 无法加载模块:Center

[ 2017-07-10T11:03:11+08:00 ] 127.0.0.1 /wwwroot/admin.php?s=/Center/index.html
INFO: [ app_init ] --START--
INFO: Run Behavior\BuildLiteBehavior [ RunTime:0.000012s ]
INFO: Run Common\Behavior\InitHookBehavior [ RunTime:0.002648s ]
INFO: [ app_init ] --END-- [ RunTime:0.003214s ]
ERR: 无法加载模块:Center

[ 2017-07-10T11:03:11+08:00 ] 127.0.0.1 /wwwroot/admin.php?s=/Center/index.html
INFO: [ app_init ] --START--
INFO: Run Behavior\BuildLiteBehavior [ RunTime:0.000013s ]
INFO: Run Common\Behavior\InitHookBehavior [ RunTime:0.002066s ]
INFO: [ app_init ] --END-- [ RunTime:0.002562s ]
ERR: 无法加载模块:Center

[ 2017-07-10T11:03:11+08:00 ] 127.0.0.1 /wwwroot/admin.php?s=/Center/index.html
INFO: [ app_init ] --START--
INFO: Run Behavior\BuildLiteBehavior [ RunTime:0.000013s ]
INFO: Run Common\Behavior\InitHookBehavior [ RunTime:0.002130s ]
INFO: [ app_init ] --END-- [ RunTime:0.002736s ]
ERR: 无法加载模块:Center

[ 2017-07-10T11:03:11+08:00 ] 127.0.0.1 /wwwroot/admin.php?s=/Center/index.html
INFO: [ app_init ] --START--
INFO: Run Behavior\BuildLiteBehavior [ RunTime:0.000013s ]
INFO: Run Common\Behavior\InitHookBehavior [ RunTime:0.001957s ]
INFO: [ app_init ] --END-- [ RunTime:0.002491s ]
ERR: 无法加载模块:Center

[ 2017-07-10T11:03:11+08:00 ] 127.0.0.1 /wwwroot/admin.php?s=/Center/index.html
INFO: [ app_init ] --START--
INFO: Run Behavior\BuildLiteBehavior [ RunTime:0.000014s ]
INFO: Run Common\Behavior\InitHookBehavior [ RunTime:0.002175s ]
INFO: [ app_init ] --END-- [ RunTime:0.002869s ]
ERR: 无法加载模块:Center

[ 2017-07-10T11:03:12+08:00 ] 127.0.0.1 /wwwroot/admin.php?s=/Article/index.html
INFO: [ app_init ] --START--
INFO: Run Behavior\BuildLiteBehavior [ RunTime:0.000012s ]
INFO: Run Common\Behavior\InitHookBehavior [ RunTime:0.003081s ]
INFO: [ app_init ] --END-- [ RunTime:0.003619s ]
ERR: 无法加载模块:Article

[ 2017-07-10T11:03:13+08:00 ] 127.0.0.1 /wwwroot/admin.php?s=/Article/index.html
INFO: [ app_init ] --START--
INFO: Run Behavior\BuildLiteBehavior [ RunTime:0.000011s ]
INFO: Run Common\Behavior\InitHookBehavior [ RunTime:0.002102s ]
INFO: [ app_init ] --END-- [ RunTime:0.002667s ]
ERR: 无法加载模块:Article

[ 2017-07-10T11:03:13+08:00 ] 127.0.0.1 /wwwroot/admin.php?s=/Article/index.html
INFO: [ app_init ] --START--
INFO: Run Behavior\BuildLiteBehavior [ RunTime:0.000012s ]
INFO: Run Common\Behavior\InitHookBehavior [ RunTime:0.001918s ]
INFO: [ app_init ] --END-- [ RunTime:0.002447s ]
ERR: 无法加载模块:Article

[ 2017-07-10T11:03:13+08:00 ] 127.0.0.1 /wwwroot/admin.php?s=/Article/index.html
INFO: [ app_init ] --START--
INFO: Run Behavior\BuildLiteBehavior [ RunTime:0.000014s ]
INFO: Run Common\Behavior\InitHookBehavior [ RunTime:0.002181s ]
INFO: [ app_init ] --END-- [ RunTime:0.002689s ]
ERR: 无法加载模块:Article

[ 2017-07-10T11:03:13+08:00 ] 127.0.0.1 /wwwroot/admin.php?s=/Article/index.html
INFO: [ app_init ] --START--
INFO: Run Behavior\BuildLiteBehavior [ RunTime:0.000017s ]
INFO: Run Common\Behavior\InitHookBehavior [ RunTime:0.002755s ]
INFO: [ app_init ] --END-- [ RunTime:0.003331s ]
ERR: 无法加载模块:Article

[ 2017-07-10T11:03:13+08:00 ] 127.0.0.1 /wwwroot/admin.php?s=/Article/index.html
INFO: [ app_init ] --START--
INFO: Run Behavior\BuildLiteBehavior [ RunTime:0.000024s ]
INFO: Run Common\Behavior\InitHookBehavior [ RunTime:0.002745s ]
INFO: [ app_init ] --END-- [ RunTime:0.003549s ]
ERR: 无法加载模块:Article

[ 2017-07-10T11:03:13+08:00 ] 127.0.0.1 /wwwroot/admin.php?s=/Article/index.html
INFO: [ app_init ] --START--
INFO: Run Behavior\BuildLiteBehavior [ RunTime:0.000014s ]
INFO: Run Common\Behavior\InitHookBehavior [ RunTime:0.002098s ]
INFO: [ app_init ] --END-- [ RunTime:0.002648s ]
ERR: 无法加载模块:Article

[ 2017-07-10T11:03:14+08:00 ] 127.0.0.1 /wwwroot/admin.php?s=/Article/index.html
INFO: [ app_init ] --START--
INFO: Run Behavior\BuildLiteBehavior [ RunTime:0.000012s ]
INFO: Run Common\Behavior\InitHookBehavior [ RunTime:0.001941s ]
INFO: [ app_init ] --END-- [ RunTime:0.002507s ]
ERR: 无法加载模块:Article

[ 2017-07-10T11:03:14+08:00 ] 127.0.0.1 /wwwroot/admin.php?s=/Article/index.html
INFO: [ app_init ] --START--
INFO: Run Behavior\BuildLiteBehavior [ RunTime:0.000013s ]
INFO: Run Common\Behavior\InitHookBehavior [ RunTime:0.002057s ]
INFO: [ app_init ] --END-- [ RunTime:0.002592s ]
ERR: 无法加载模块:Article

[ 2017-07-10T11:03:16+08:00 ] 127.0.0.1 /wwwroot/Public/static/datetimepicker/css/datetimepicker.css
INFO: [ app_init ] --START--
INFO: Run Behavior\BuildLiteBehavior [ RunTime:0.000023s ]
INFO: Run Common\Behavior\InitHookBehavior [ RunTime:0.002632s ]
INFO: [ app_init ] --END-- [ RunTime:0.003781s ]
ERR: 无法加载模块:Wwwroot

[ 2017-07-10T11:03:16+08:00 ] 127.0.0.1 /wwwroot/Public/static/datetimepicker/css/dropdown.css
INFO: [ app_init ] --START--
INFO: Run Behavior\BuildLiteBehavior [ RunTime:0.000020s ]
INFO: Run Common\Behavior\InitHookBehavior [ RunTime:0.003376s ]
INFO: [ app_init ] --END-- [ RunTime:0.004153s ]
ERR: 无法加载模块:Wwwroot

[ 2017-07-10T11:03:16+08:00 ] 127.0.0.1 /wwwroot/Public/static/datetimepicker/js/bootstrap-datetimepicker.min.js
INFO: [ app_init ] --START--
INFO: Run Behavior\BuildLiteBehavior [ RunTime:0.000021s ]
INFO: Run Common\Behavior\InitHookBehavior [ RunTime:0.005707s ]
INFO: [ app_init ] --END-- [ RunTime:0.006766s ]
ERR: 无法加载模块:Wwwroot

[ 2017-07-10T11:03:16+08:00 ] 127.0.0.1 /wwwroot/Public/static/datetimepicker/js/locales/bootstrap-datetimepicker.zh-CN.js
INFO: [ app_init ] --START--
INFO: Run Behavior\BuildLiteBehavior [ RunTime:0.000029s ]
INFO: Run Common\Behavior\InitHookBehavior [ RunTime:0.007771s ]
INFO: [ app_init ] --END-- [ RunTime:0.009187s ]
ERR: 无法加载模块:Wwwroot

[ 2017-07-10T11:03:19+08:00 ] 127.0.0.1 /wwwroot/admin.php?s=/Center/index.html
INFO: [ app_init ] --START--
INFO: Run Behavior\BuildLiteBehavior [ RunTime:0.000015s ]
INFO: Run Common\Behavior\InitHookBehavior [ RunTime:0.002068s ]
INFO: [ app_init ] --END-- [ RunTime:0.003231s ]
ERR: 无法加载模块:Center

[ 2017-07-10T11:05:30+08:00 ] 127.0.0.1 /wwwroot/Public/Home/css/__PUBLIC__/Home/fonts/glyphicons-halflings-regular.woff2
INFO: [ app_init ] --START--
INFO: Run Behavior\BuildLiteBehavior [ RunTime:0.000014s ]
INFO: Run Common\Behavior\InitHookBehavior [ RunTime:0.001839s ]
INFO: [ app_init ] --END-- [ RunTime:0.002370s ]
ERR: 无法加载模块:Public

[ 2017-07-10T11:05:31+08:00 ] 127.0.0.1 /wwwroot/Public/Home/css/__PUBLIC__/Home/fonts/glyphicons-halflings-regular.woff
INFO: [ app_init ] --START--
INFO: Run Behavior\BuildLiteBehavior [ RunTime:0.000021s ]
INFO: Run Common\Behavior\InitHookBehavior [ RunTime:0.002358s ]
INFO: [ app_init ] --END-- [ RunTime:0.003134s ]
ERR: 无法加载模块:Public

[ 2017-07-10T11:05:31+08:00 ] 127.0.0.1 /wwwroot/Public/Home/css/__PUBLIC__/Home/fonts/glyphicons-halflings-regular.ttf
INFO: [ app_init ] --START--
INFO: Run Behavior\BuildLiteBehavior [ RunTime:0.000014s ]
INFO: Run Common\Behavior\InitHookBehavior [ RunTime:0.001573s ]
INFO: [ app_init ] --END-- [ RunTime:0.002006s ]
ERR: 无法加载模块:Public

[ 2017-07-10T11:05:59+08:00 ] 127.0.0.1 /wwwroot/Public/Home/css/__PUBLIC__/Home/fonts/glyphicons-halflings-regular.woff2
INFO: [ app_init ] --START--
INFO: Run Behavior\BuildLiteBehavior [ RunTime:0.000013s ]
INFO: Run Common\Behavior\InitHookBehavior [ RunTime:0.002278s ]
INFO: [ app_init ] --END-- [ RunTime:0.002810s ]
ERR: 无法加载模块:Public

[ 2017-07-10T11:05:59+08:00 ] 127.0.0.1 /wwwroot/Public/Home/css/__PUBLIC__/Home/fonts/glyphicons-halflings-regular.woff
INFO: [ app_init ] --START--
INFO: Run Behavior\BuildLiteBehavior [ RunTime:0.000014s ]
INFO: Run Common\Behavior\InitHookBehavior [ RunTime:0.002000s ]
INFO: [ app_init ] --END-- [ RunTime:0.002738s ]
ERR: 无法加载模块:Public

[ 2017-07-10T11:05:59+08:00 ] 127.0.0.1 /wwwroot/Public/Home/css/__PUBLIC__/Home/fonts/glyphicons-halflings-regular.ttf
INFO: [ app_init ] --START--
INFO: Run Behavior\BuildLiteBehavior [ RunTime:0.000012s ]
INFO: Run Common\Behavior\InitHookBehavior [ RunTime:0.001761s ]
INFO: [ app_init ] --END-- [ RunTime:0.002204s ]
ERR: 无法加载模块:Public

[ 2017-07-10T11:06:03+08:00 ] 127.0.0.1 /wwwroot/Public/Home/css/__PUBLIC__/Home/fonts/glyphicons-halflings-regular.woff2
INFO: [ app_init ] --START--
INFO: Run Behavior\BuildLiteBehavior [ RunTime:0.000032s ]
INFO: Run Common\Behavior\InitHookBehavior [ RunTime:0.004185s ]
INFO: [ app_init ] --END-- [ RunTime:0.005062s ]
ERR: 无法加载模块:Public

[ 2017-07-10T11:06:03+08:00 ] 127.0.0.1 /wwwroot/Public/Home/css/__PUBLIC__/Home/fonts/glyphicons-halflings-regular.woff
INFO: [ app_init ] --START--
INFO: Run Behavior\BuildLiteBehavior [ RunTime:0.000013s ]
INFO: Run Common\Behavior\InitHookBehavior [ RunTime:0.001968s ]
INFO: [ app_init ] --END-- [ RunTime:0.002521s ]
ERR: 无法加载模块:Public

[ 2017-07-10T11:06:03+08:00 ] 127.0.0.1 /wwwroot/Public/Home/css/__PUBLIC__/Home/fonts/glyphicons-halflings-regular.ttf
INFO: [ app_init ] --START--
INFO: Run Behavior\BuildLiteBehavior [ RunTime:0.000016s ]
INFO: Run Common\Behavior\InitHookBehavior [ RunTime:0.001677s ]
INFO: [ app_init ] --END-- [ RunTime:0.002267s ]
ERR: 无法加载模块:Public

[ 2017-07-10T11:06:21+08:00 ] 127.0.0.1 /wwwroot/Public/Home/css/__PUBLIC__/Home/font/iconfont.woff?t=1463627708
INFO: [ app_init ] --START--
INFO: Run Behavior\BuildLiteBehavior [ RunTime:0.000017s ]
INFO: Run Common\Behavior\InitHookBehavior [ RunTime:0.002204s ]
INFO: [ app_init ] --END-- [ RunTime:0.002785s ]
ERR: 无法加载模块:Public

[ 2017-07-10T11:06:21+08:00 ] 127.0.0.1 /wwwroot/Public/Home/css/__PUBLIC__/Home/font/iconfont.ttf?t=1463627708
INFO: [ app_init ] --START--
INFO: Run Behavior\BuildLiteBehavior [ RunTime:0.000016s ]
INFO: Run Common\Behavior\InitHookBehavior [ RunTime:0.001855s ]
INFO: [ app_init ] --END-- [ RunTime:0.002420s ]
ERR: 无法加载模块:Public

[ 2017-07-10T11:08:20+08:00 ] 127.0.0.1 /wwwroot/Public/Home/css/__PUBLIC__/Home/font/iconfont.woff?t=1463627708
INFO: [ app_init ] --START--
INFO: Run Behavior\BuildLiteBehavior [ RunTime:0.000017s ]
INFO: Run Common\Behavior\InitHookBehavior [ RunTime:0.001885s ]
INFO: [ app_init ] --END-- [ RunTime:0.002497s ]
ERR: 无法加载模块:Public

[ 2017-07-10T11:08:20+08:00 ] 127.0.0.1 /wwwroot/Public/Home/css/__PUBLIC__/Home/font/iconfont.ttf?t=1463627708
INFO: [ app_init ] --START--
INFO: Run Behavior\BuildLiteBehavior [ RunTime:0.000110s ]
INFO: Run Common\Behavior\InitHookBehavior [ RunTime:0.004337s ]
INFO: [ app_init ] --END-- [ RunTime:0.005336s ]
ERR: 无法加载模块:Public

[ 2017-07-10T11:08:21+08:00 ] 127.0.0.1 /wwwroot/Public/Home/css/__PUBLIC__/Home/font/iconfont.woff?t=1463627708
INFO: [ app_init ] --START--
INFO: Run Behavior\BuildLiteBehavior [ RunTime:0.000013s ]
INFO: Run Common\Behavior\InitHookBehavior [ RunTime:0.001647s ]
INFO: [ app_init ] --END-- [ RunTime:0.002113s ]
ERR: 无法加载模块:Public

[ 2017-07-10T11:08:21+08:00 ] 127.0.0.1 /wwwroot/Public/Home/css/__PUBLIC__/Home/font/iconfont.ttf?t=1463627708
INFO: [ app_init ] --START--
INFO: Run Behavior\BuildLiteBehavior [ RunTime:0.000012s ]
INFO: Run Common\Behavior\InitHookBehavior [ RunTime:0.001689s ]
INFO: [ app_init ] --END-- [ RunTime:0.002112s ]
ERR: 无法加载模块:Public

[ 2017-07-10T11:08:21+08:00 ] 127.0.0.1 /wwwroot/Public/Home/css/__PUBLIC__/Home/font/iconfont.woff?t=1463627708
INFO: [ app_init ] --START--
INFO: Run Behavior\BuildLiteBehavior [ RunTime:0.000028s ]
INFO: Run Common\Behavior\InitHookBehavior [ RunTime:0.001976s ]
INFO: [ app_init ] --END-- [ RunTime:0.002870s ]
ERR: 无法加载模块:Public

[ 2017-07-10T11:08:21+08:00 ] 127.0.0.1 /wwwroot/Public/Home/css/__PUBLIC__/Home/font/iconfont.ttf?t=1463627708
INFO: [ app_init ] --START--
INFO: Run Behavior\BuildLiteBehavior [ RunTime:0.000020s ]
INFO: Run Common\Behavior\InitHookBehavior [ RunTime:0.002261s ]
INFO: [ app_init ] --END-- [ RunTime:0.003672s ]
ERR: 无法加载模块:Public

[ 2017-07-10T11:10:02+08:00 ] 127.0.0.1 /wwwroot/Public/Home/css/__PUBLIC__/Home/font/iconfont.woff?t=1463627708
INFO: [ app_init ] --START--
INFO: Run Behavior\BuildLiteBehavior [ RunTime:0.000013s ]
INFO: Run Common\Behavior\InitHookBehavior [ RunTime:0.001672s ]
INFO: [ app_init ] --END-- [ RunTime:0.002129s ]
ERR: 无法加载模块:Public

[ 2017-07-10T11:10:02+08:00 ] 127.0.0.1 /wwwroot/Public/Home/css/__PUBLIC__/Home/font/iconfont.ttf?t=1463627708
INFO: [ app_init ] --START--
INFO: Run Behavior\BuildLiteBehavior [ RunTime:0.000032s ]
INFO: Run Common\Behavior\InitHookBehavior [ RunTime:0.006658s ]
INFO: [ app_init ] --END-- [ RunTime:0.008341s ]
ERR: 无法加载模块:Public

[ 2017-07-10T11:10:53+08:00 ] 127.0.0.1 /wwwroot/Public/Home/css/__PUBLIC__/Home/font/iconfont.woff?t=1463627708
INFO: [ app_init ] --START--
INFO: Run Behavior\BuildLiteBehavior [ RunTime:0.000038s ]
INFO: Run Common\Behavior\InitHookBehavior [ RunTime:0.004455s ]
INFO: [ app_init ] --END-- [ RunTime:0.008503s ]
ERR: 无法加载模块:Public

[ 2017-07-10T11:10:53+08:00 ] 127.0.0.1 /wwwroot/Public/Home/css/__PUBLIC__/Home/font/iconfont.ttf?t=1463627708
INFO: [ app_init ] --START--
INFO: Run Behavior\BuildLiteBehavior [ RunTime:0.000034s ]
INFO: Run Common\Behavior\InitHookBehavior [ RunTime:0.003598s ]
INFO: [ app_init ] --END-- [ RunTime:0.004443s ]
ERR: 无法加载模块:Public

[ 2017-07-10T11:10:54+08:00 ] 127.0.0.1 /wwwroot/Public/Home/css/__PUBLIC__/Home/font/iconfont.woff?t=1463627708
INFO: [ app_init ] --START--
INFO: Run Behavior\BuildLiteBehavior [ RunTime:0.000013s ]
INFO: Run Common\Behavior\InitHookBehavior [ RunTime:0.003360s ]
INFO: [ app_init ] --END-- [ RunTime:0.003817s ]
ERR: 无法加载模块:Public

[ 2017-07-10T11:10:54+08:00 ] 127.0.0.1 /wwwroot/Public/Home/css/__PUBLIC__/Home/font/iconfont.ttf?t=1463627708
INFO: [ app_init ] --START--
INFO: Run Behavior\BuildLiteBehavior [ RunTime:0.000012s ]
INFO: Run Common\Behavior\InitHookBehavior [ RunTime:0.001649s ]
INFO: [ app_init ] --END-- [ RunTime:0.002098s ]
ERR: 无法加载模块:Public

[ 2017-07-10T11:10:54+08:00 ] 127.0.0.1 /wwwroot/Public/Home/css/__PUBLIC__/Home/font/iconfont.woff?t=1463627708
INFO: [ app_init ] --START--
INFO: Run Behavior\BuildLiteBehavior [ RunTime:0.000012s ]
INFO: Run Common\Behavior\InitHookBehavior [ RunTime:0.001677s ]
INFO: [ app_init ] --END-- [ RunTime:0.002138s ]
ERR: 无法加载模块:Public

[ 2017-07-10T11:10:55+08:00 ] 127.0.0.1 /wwwroot/Public/Home/css/__PUBLIC__/Home/font/iconfont.ttf?t=1463627708
INFO: [ app_init ] --START--
INFO: Run Behavior\BuildLiteBehavior [ RunTime:0.000013s ]
INFO: Run Common\Behavior\InitHookBehavior [ RunTime:0.001685s ]
INFO: [ app_init ] --END-- [ RunTime:0.002123s ]
ERR: 无法加载模块:Public

[ 2017-07-10T11:15:43+08:00 ] 127.0.0.1 /wwwroot/Public/Home/css/__PUBLIC__/Home/font/iconfont.woff?t=1463627708
INFO: [ app_init ] --START--
INFO: Run Behavior\BuildLiteBehavior [ RunTime:0.000026s ]
INFO: Run Common\Behavior\InitHookBehavior [ RunTime:0.004577s ]
INFO: [ app_init ] --END-- [ RunTime:0.005588s ]
ERR: 无法加载模块:Public

[ 2017-07-10T11:15:43+08:00 ] 127.0.0.1 /wwwroot/Public/Home/css/__PUBLIC__/Home/font/iconfont.ttf?t=1463627708
INFO: [ app_init ] --START--
INFO: Run Behavior\BuildLiteBehavior [ RunTime:0.000014s ]
INFO: Run Common\Behavior\InitHookBehavior [ RunTime:0.003642s ]
INFO: [ app_init ] --END-- [ RunTime:0.004152s ]
ERR: 无法加载模块:Public

[ 2017-07-10T11:15:44+08:00 ] 127.0.0.1 /wwwroot/Public/Home/css/__PUBLIC__/Home/font/iconfont.woff?t=1463627708
INFO: [ app_init ] --START--
INFO: Run Behavior\BuildLiteBehavior [ RunTime:0.000321s ]
INFO: Run Common\Behavior\InitHookBehavior [ RunTime:0.004200s ]
INFO: [ app_init ] --END-- [ RunTime:0.007391s ]
ERR: 无法加载模块:Public

[ 2017-07-10T11:15:44+08:00 ] 127.0.0.1 /wwwroot/Public/Home/css/__PUBLIC__/Home/font/iconfont.ttf?t=1463627708
INFO: [ app_init ] --START--
INFO: Run Behavior\BuildLiteBehavior [ RunTime:0.000019s ]
INFO: Run Common\Behavior\InitHookBehavior [ RunTime:0.002847s ]
INFO: [ app_init ] --END-- [ RunTime:0.003572s ]
ERR: 无法加载模块:Public

[ 2017-07-10T11:15:44+08:00 ] 127.0.0.1 /wwwroot/Public/Home/css/__PUBLIC__/Home/font/iconfont.woff?t=1463627708
INFO: [ app_init ] --START--
INFO: Run Behavior\BuildLiteBehavior [ RunTime:0.000019s ]
INFO: Run Common\Behavior\InitHookBehavior [ RunTime:0.002171s ]
INFO: [ app_init ] --END-- [ RunTime:0.002995s ]
ERR: 无法加载模块:Public

[ 2017-07-10T11:15:44+08:00 ] 127.0.0.1 /wwwroot/Public/Home/css/__PUBLIC__/Home/font/iconfont.ttf?t=1463627708
INFO: [ app_init ] --START--
INFO: Run Behavior\BuildLiteBehavior [ RunTime:0.000032s ]
INFO: Run Common\Behavior\InitHookBehavior [ RunTime:0.003300s ]
INFO: [ app_init ] --END-- [ RunTime:0.004691s ]
ERR: 无法加载模块:Public

[ 2017-07-10T11:15:45+08:00 ] 127.0.0.1 /wwwroot/Public/Home/css/__PUBLIC__/Home/font/iconfont.woff?t=1463627708
INFO: [ app_init ] --START--
INFO: Run Behavior\BuildLiteBehavior [ RunTime:0.000011s ]
INFO: Run Common\Behavior\InitHookBehavior [ RunTime:0.001730s ]
INFO: [ app_init ] --END-- [ RunTime:0.002165s ]
ERR: 无法加载模块:Public

[ 2017-07-10T11:15:45+08:00 ] 127.0.0.1 /wwwroot/Public/Home/css/__PUBLIC__/Home/font/iconfont.ttf?t=1463627708
INFO: [ app_init ] --START--
INFO: Run Behavior\BuildLiteBehavior [ RunTime:0.000019s ]
INFO: Run Common\Behavior\InitHookBehavior [ RunTime:0.001914s ]
INFO: [ app_init ] --END-- [ RunTime:0.002403s ]
ERR: 无法加载模块:Public

[ 2017-07-10T11:15:45+08:00 ] 127.0.0.1 /wwwroot/Public/Home/css/__PUBLIC__/Home/font/iconfont.woff?t=1463627708
INFO: [ app_init ] --START--
INFO: Run Behavior\BuildLiteBehavior [ RunTime:0.000021s ]
INFO: Run Common\Behavior\InitHookBehavior [ RunTime:0.003219s ]
INFO: [ app_init ] --END-- [ RunTime:0.004102s ]
ERR: 无法加载模块:Public

[ 2017-07-10T11:15:45+08:00 ] 127.0.0.1 /wwwroot/Public/Home/css/__PUBLIC__/Home/font/iconfont.ttf?t=1463627708
INFO: [ app_init ] --START--
INFO: Run Behavior\BuildLiteBehavior [ RunTime:0.000012s ]
INFO: Run Common\Behavior\InitHookBehavior [ RunTime:0.003557s ]
INFO: [ app_init ] --END-- [ RunTime:0.004046s ]
ERR: 无法加载模块:Public

[ 2017-07-10T11:16:15+08:00 ] 127.0.0.1 /wwwroot/Public/Home/css/__PUBLIC__/Home/font/iconfont.woff?t=1463627708
INFO: [ app_init ] --START--
INFO: Run Behavior\BuildLiteBehavior [ RunTime:0.000019s ]
INFO: Run Common\Behavior\InitHookBehavior [ RunTime:0.002734s ]
INFO: [ app_init ] --END-- [ RunTime:0.003431s ]
ERR: 无法加载模块:Public

[ 2017-07-10T11:16:15+08:00 ] 127.0.0.1 /wwwroot/Public/Home/css/__PUBLIC__/Home/font/iconfont.ttf?t=1463627708
INFO: [ app_init ] --START--
INFO: Run Behavior\BuildLiteBehavior [ RunTime:0.000034s ]
INFO: Run Common\Behavior\InitHookBehavior [ RunTime:0.003157s ]
INFO: [ app_init ] --END-- [ RunTime:0.004105s ]
ERR: 无法加载模块:Public

[ 2017-07-10T11:17:13+08:00 ] 127.0.0.1 /wwwroot/Public/Home/css/__PUBLIC__/Home/font/iconfont.woff?t=1463627708
INFO: [ app_init ] --START--
INFO: Run Behavior\BuildLiteBehavior [ RunTime:0.000015s ]
INFO: Run Common\Behavior\InitHookBehavior [ RunTime:0.003275s ]
INFO: [ app_init ] --END-- [ RunTime:0.003945s ]
ERR: 无法加载模块:Public

[ 2017-07-10T11:17:13+08:00 ] 127.0.0.1 /wwwroot/Public/Home/css/__PUBLIC__/Home/font/iconfont.ttf?t=1463627708
INFO: [ app_init ] --START--
INFO: Run Behavior\BuildLiteBehavior [ RunTime:0.000013s ]
INFO: Run Common\Behavior\InitHookBehavior [ RunTime:0.001643s ]
INFO: [ app_init ] --END-- [ RunTime:0.002110s ]
ERR: 无法加载模块:Public

[ 2017-07-10T11:17:15+08:00 ] 127.0.0.1 /wwwroot/Public/Home/css/__PUBLIC__/Home/font/iconfont.woff?t=1463627708
INFO: [ app_init ] --START--
INFO: Run Behavior\BuildLiteBehavior [ RunTime:0.000014s ]
INFO: Run Common\Behavior\InitHookBehavior [ RunTime:0.005056s ]
INFO: [ app_init ] --END-- [ RunTime:0.005763s ]
ERR: 无法加载模块:Public

[ 2017-07-10T11:17:15+08:00 ] 127.0.0.1 /wwwroot/Public/Home/css/__PUBLIC__/Home/font/iconfont.ttf?t=1463627708
INFO: [ app_init ] --START--
INFO: Run Behavior\BuildLiteBehavior [ RunTime:0.000024s ]
INFO: Run Common\Behavior\InitHookBehavior [ RunTime:0.001952s ]
INFO: [ app_init ] --END-- [ RunTime:0.002880s ]
ERR: 无法加载模块:Public

[ 2017-07-10T11:17:50+08:00 ] 127.0.0.1 /wwwroot/Public/Home/css/__PUBLIC__/Home/font/iconfont.woff?t=1463627708
INFO: [ app_init ] --START--
INFO: Run Behavior\BuildLiteBehavior [ RunTime:0.000050s ]
INFO: Run Common\Behavior\InitHookBehavior [ RunTime:0.007734s ]
INFO: [ app_init ] --END-- [ RunTime:0.008711s ]
ERR: 无法加载模块:Public

[ 2017-07-10T11:17:50+08:00 ] 127.0.0.1 /wwwroot/Public/Home/css/__PUBLIC__/Home/font/iconfont.ttf?t=1463627708
INFO: [ app_init ] --START--
INFO: Run Behavior\BuildLiteBehavior [ RunTime:0.000015s ]
INFO: Run Common\Behavior\InitHookBehavior [ RunTime:0.001649s ]
INFO: [ app_init ] --END-- [ RunTime:0.002096s ]
ERR: 无法加载模块:Public

[ 2017-07-10T11:17:52+08:00 ] 127.0.0.1 /wwwroot/Public/Home/css/__PUBLIC__/Home/font/iconfont.woff?t=1463627708
INFO: [ app_init ] --START--
INFO: Run Behavior\BuildLiteBehavior [ RunTime:0.000024s ]
INFO: Run Common\Behavior\InitHookBehavior [ RunTime:0.007818s ]
INFO: [ app_init ] --END-- [ RunTime:0.008934s ]
ERR: 无法加载模块:Public

[ 2017-07-10T11:17:52+08:00 ] 127.0.0.1 /wwwroot/Public/Home/css/__PUBLIC__/Home/font/iconfont.ttf?t=1463627708
INFO: [ app_init ] --START--
INFO: Run Behavior\BuildLiteBehavior [ RunTime:0.000015s ]
INFO: Run Common\Behavior\InitHookBehavior [ RunTime:0.001921s ]
INFO: [ app_init ] --END-- [ RunTime:0.002488s ]
ERR: 无法加载模块:Public

[ 2017-07-10T11:17:53+08:00 ] 127.0.0.1 /wwwroot/Public/Home/css/__PUBLIC__/Home/font/iconfont.woff?t=1463627708
INFO: [ app_init ] --START--
INFO: Run Behavior\BuildLiteBehavior [ RunTime:0.000025s ]
INFO: Run Common\Behavior\InitHookBehavior [ RunTime:0.005124s ]
INFO: [ app_init ] --END-- [ RunTime:0.006030s ]
ERR: 无法加载模块:Public

[ 2017-07-10T11:17:53+08:00 ] 127.0.0.1 /wwwroot/Public/Home/css/__PUBLIC__/Home/font/iconfont.ttf?t=1463627708
INFO: [ app_init ] --START--
INFO: Run Behavior\BuildLiteBehavior [ RunTime:0.000021s ]
INFO: Run Common\Behavior\InitHookBehavior [ RunTime:0.002571s ]
INFO: [ app_init ] --END-- [ RunTime:0.003321s ]
ERR: 无法加载模块:Public

[ 2017-07-10T11:19:13+08:00 ] 127.0.0.1 /wwwroot/Public/Home/css/__PUBLIC__/Home/font/iconfont.woff?t=1463627708
INFO: [ app_init ] --START--
INFO: Run Behavior\BuildLiteBehavior [ RunTime:0.000013s ]
INFO: Run Common\Behavior\InitHookBehavior [ RunTime:0.001796s ]
INFO: [ app_init ] --END-- [ RunTime:0.002345s ]
ERR: 无法加载模块:Public

[ 2017-07-10T11:19:13+08:00 ] 127.0.0.1 /wwwroot/Public/Home/css/__PUBLIC__/Home/font/iconfont.ttf?t=1463627708
INFO: [ app_init ] --START--
INFO: Run Behavior\BuildLiteBehavior [ RunTime:0.000012s ]
INFO: Run Common\Behavior\InitHookBehavior [ RunTime:0.003575s ]
INFO: [ app_init ] --END-- [ RunTime:0.004049s ]
ERR: 无法加载模块:Public

[ 2017-07-10T11:19:14+08:00 ] 127.0.0.1 /wwwroot/Public/Home/css/__PUBLIC__/Home/font/iconfont.woff?t=1463627708
INFO: [ app_init ] --START--
INFO: Run Behavior\BuildLiteBehavior [ RunTime:0.000012s ]
INFO: Run Common\Behavior\InitHookBehavior [ RunTime:0.001832s ]
INFO: [ app_init ] --END-- [ RunTime:0.002256s ]
ERR: 无法加载模块:Public

[ 2017-07-10T11:19:14+08:00 ] 127.0.0.1 /wwwroot/Public/Home/css/__PUBLIC__/Home/font/iconfont.ttf?t=1463627708
INFO: [ app_init ] --START--
INFO: Run Behavior\BuildLiteBehavior [ RunTime:0.000015s ]
INFO: Run Common\Behavior\InitHookBehavior [ RunTime:0.001545s ]
INFO: [ app_init ] --END-- [ RunTime:0.001965s ]
ERR: 无法加载模块:Public

[ 2017-07-10T11:20:00+08:00 ] 127.0.0.1 /wwwroot/Public/Home/css/__PUBLIC__/Home/font/iconfont.woff?t=1463627708
INFO: [ app_init ] --START--
INFO: Run Behavior\BuildLiteBehavior [ RunTime:0.000028s ]
INFO: Run Common\Behavior\InitHookBehavior [ RunTime:0.004043s ]
INFO: [ app_init ] --END-- [ RunTime:0.006572s ]
ERR: 无法加载模块:Public

[ 2017-07-10T11:20:00+08:00 ] 127.0.0.1 /wwwroot/Public/Home/css/__PUBLIC__/Home/font/iconfont.ttf?t=1463627708
INFO: [ app_init ] --START--
INFO: Run Behavior\BuildLiteBehavior [ RunTime:0.000047s ]
INFO: Run Common\Behavior\InitHookBehavior [ RunTime:0.005613s ]
INFO: [ app_init ] --END-- [ RunTime:0.006653s ]
ERR: 无法加载模块:Public

[ 2017-07-10T11:20:00+08:00 ] 127.0.0.1 /wwwroot/Public/Home/css/__PUBLIC__/Home/font/iconfont.woff?t=1463627708
INFO: [ app_init ] --START--
INFO: Run Behavior\BuildLiteBehavior [ RunTime:0.000021s ]
INFO: Run Common\Behavior\InitHookBehavior [ RunTime:0.006532s ]
INFO: [ app_init ] --END-- [ RunTime:0.007335s ]
ERR: 无法加载模块:Public

[ 2017-07-10T11:20:00+08:00 ] 127.0.0.1 /wwwroot/Public/Home/css/__PUBLIC__/Home/font/iconfont.ttf?t=1463627708
INFO: [ app_init ] --START--
INFO: Run Behavior\BuildLiteBehavior [ RunTime:0.000030s ]
INFO: Run Common\Behavior\InitHookBehavior [ RunTime:0.003099s ]
INFO: [ app_init ] --END-- [ RunTime:0.004302s ]
ERR: 无法加载模块:Public

[ 2017-07-10T11:20:01+08:00 ] 127.0.0.1 /wwwroot/Public/Home/css/__PUBLIC__/Home/font/iconfont.woff?t=1463627708
INFO: [ app_init ] --START--
INFO: Run Behavior\BuildLiteBehavior [ RunTime:0.000022s ]
INFO: Run Common\Behavior\InitHookBehavior [ RunTime:0.005770s ]
INFO: [ app_init ] --END-- [ RunTime:0.006584s ]
ERR: 无法加载模块:Public

[ 2017-07-10T11:20:01+08:00 ] 127.0.0.1 /wwwroot/Public/Home/css/__PUBLIC__/Home/font/iconfont.ttf?t=1463627708
INFO: [ app_init ] --START--
INFO: Run Behavior\BuildLiteBehavior [ RunTime:0.000026s ]
INFO: Run Common\Behavior\InitHookBehavior [ RunTime:0.004747s ]
INFO: [ app_init ] --END-- [ RunTime:0.006636s ]
ERR: 无法加载模块:Public

[ 2017-07-10T11:20:01+08:00 ] 127.0.0.1 /wwwroot/Public/Home/css/__PUBLIC__/Home/font/iconfont.woff?t=1463627708
INFO: [ app_init ] --START--
INFO: Run Behavior\BuildLiteBehavior [ RunTime:0.000021s ]
INFO: Run Common\Behavior\InitHookBehavior [ RunTime:0.004379s ]
INFO: [ app_init ] --END-- [ RunTime:0.005122s ]
ERR: 无法加载模块:Public

[ 2017-07-10T11:20:01+08:00 ] 127.0.0.1 /wwwroot/Public/Home/css/__PUBLIC__/Home/font/iconfont.ttf?t=1463627708
INFO: [ app_init ] --START--
INFO: Run Behavior\BuildLiteBehavior [ RunTime:0.000057s ]
INFO: Run Common\Behavior\InitHookBehavior [ RunTime:0.003022s ]
INFO: [ app_init ] --END-- [ RunTime:0.004000s ]
ERR: 无法加载模块:Public

[ 2017-07-10T11:20:01+08:00 ] 127.0.0.1 /wwwroot/Public/Home/css/__PUBLIC__/Home/font/iconfont.woff?t=1463627708
INFO: [ app_init ] --START--
INFO: Run Behavior\BuildLiteBehavior [ RunTime:0.000021s ]
INFO: Run Common\Behavior\InitHookBehavior [ RunTime:0.004181s ]
INFO: [ app_init ] --END-- [ RunTime:0.004936s ]
ERR: 无法加载模块:Public

[ 2017-07-10T11:20:01+08:00 ] 127.0.0.1 /wwwroot/Public/Home/css/__PUBLIC__/Home/font/iconfont.ttf?t=1463627708
INFO: [ app_init ] --START--
INFO: Run Behavior\BuildLiteBehavior [ RunTime:0.000033s ]
INFO: Run Common\Behavior\InitHookBehavior [ RunTime:0.002947s ]
INFO: [ app_init ] --END-- [ RunTime:0.004231s ]
ERR: 无法加载模块:Public

[ 2017-07-10T11:20:24+08:00 ] 127.0.0.1 /wwwroot/Public/Home/css/__PUBLIC__/Home/font/iconfont.ttf?t=1463627708
INFO: [ app_init ] --START--
INFO: Run Behavior\BuildLiteBehavior [ RunTime:0.000013s ]
INFO: Run Common\Behavior\InitHookBehavior [ RunTime:0.002759s ]
INFO: [ app_init ] --END-- [ RunTime:0.003750s ]
ERR: 无法加载模块:Public

[ 2017-07-10T11:22:40+08:00 ] 127.0.0.1 /wwwroot/Public/Home/css/__PUBLIC__/Home/fonts/glyphicons-halflings-regular.woff2
INFO: [ app_init ] --START--
INFO: Run Behavior\BuildLiteBehavior [ RunTime:0.000021s ]
INFO: Run Common\Behavior\InitHookBehavior [ RunTime:0.002841s ]
INFO: [ app_init ] --END-- [ RunTime:0.003555s ]
ERR: 无法加载模块:Public

[ 2017-07-10T11:22:40+08:00 ] 127.0.0.1 /wwwroot/Public/Home/css/__PUBLIC__/Home/fonts/glyphicons-halflings-regular.woff
INFO: [ app_init ] --START--
INFO: Run Behavior\BuildLiteBehavior [ RunTime:0.000013s ]
INFO: Run Common\Behavior\InitHookBehavior [ RunTime:0.001625s ]
INFO: [ app_init ] --END-- [ RunTime:0.002094s ]
ERR: 无法加载模块:Public

[ 2017-07-10T11:22:40+08:00 ] 127.0.0.1 /wwwroot/Public/Home/css/__PUBLIC__/Home/fonts/glyphicons-halflings-regular.ttf
INFO: [ app_init ] --START--
INFO: Run Behavior\BuildLiteBehavior [ RunTime:0.000021s ]
INFO: Run Common\Behavior\InitHookBehavior [ RunTime:0.002743s ]
INFO: [ app_init ] --END-- [ RunTime:0.003340s ]
ERR: 无法加载模块:Public

[ 2017-07-10T11:22:47+08:00 ] 127.0.0.1 /wwwroot/Public/Home/css/__PUBLIC__/Home/fonts/glyphicons-halflings-regular.woff2
INFO: [ app_init ] --START--
INFO: Run Behavior\BuildLiteBehavior [ RunTime:0.000029s ]
INFO: Run Common\Behavior\InitHookBehavior [ RunTime:0.002097s ]
INFO: [ app_init ] --END-- [ RunTime:0.002880s ]
ERR: 无法加载模块:Public

[ 2017-07-10T11:22:47+08:00 ] 127.0.0.1 /wwwroot/Public/Home/css/__PUBLIC__/Home/fonts/glyphicons-halflings-regular.woff
INFO: [ app_init ] --START--
INFO: Run Behavior\BuildLiteBehavior [ RunTime:0.000015s ]
INFO: Run Common\Behavior\InitHookBehavior [ RunTime:0.006495s ]
INFO: [ app_init ] --END-- [ RunTime:0.007303s ]
ERR: 无法加载模块:Public

[ 2017-07-10T11:22:47+08:00 ] 127.0.0.1 /wwwroot/Public/Home/css/__PUBLIC__/Home/fonts/glyphicons-halflings-regular.ttf
INFO: [ app_init ] --START--
INFO: Run Behavior\BuildLiteBehavior [ RunTime:0.000017s ]
INFO: Run Common\Behavior\InitHookBehavior [ RunTime:0.002006s ]
INFO: [ app_init ] --END-- [ RunTime:0.004039s ]
ERR: 无法加载模块:Public

[ 2017-07-10T11:51:02+08:00 ] 127.0.0.1 /wwwroot/Public/Home/css/__PUBLIC__/Home/fonts/glyphicons-halflings-regular.woff2
INFO: [ app_init ] --START--
INFO: Run Behavior\BuildLiteBehavior [ RunTime:0.000018s ]
INFO: Run Common\Behavior\InitHookBehavior [ RunTime:0.002474s ]
INFO: [ app_init ] --END-- [ RunTime:0.003137s ]
ERR: 无法加载模块:Public

[ 2017-07-10T11:51:02+08:00 ] 127.0.0.1 /wwwroot/Public/Home/css/__PUBLIC__/Home/fonts/glyphicons-halflings-regular.woff
INFO: [ app_init ] --START--
INFO: Run Behavior\BuildLiteBehavior [ RunTime:0.000022s ]
INFO: Run Common\Behavior\InitHookBehavior [ RunTime:0.002116s ]
INFO: [ app_init ] --END-- [ RunTime:0.003027s ]
ERR: 无法加载模块:Public

[ 2017-07-10T11:51:02+08:00 ] 127.0.0.1 /wwwroot/Public/Home/css/__PUBLIC__/Home/fonts/glyphicons-halflings-regular.ttf
INFO: [ app_init ] --START--
INFO: Run Behavior\BuildLiteBehavior [ RunTime:0.000016s ]
INFO: Run Common\Behavior\InitHookBehavior [ RunTime:0.005032s ]
INFO: [ app_init ] --END-- [ RunTime:0.005983s ]
ERR: 无法加载模块:Public

[ 2017-07-10T13:10:30+08:00 ] 127.0.0.1 /wwwroot/Public/Home/css/__PUBLIC__/Home/fonts/glyphicons-halflings-regular.woff2
INFO: [ app_init ] --START--
INFO: Run Behavior\BuildLiteBehavior [ RunTime:0.000017s ]
INFO: Run Common\Behavior\InitHookBehavior [ RunTime:0.002617s ]
INFO: [ app_init ] --END-- [ RunTime:0.003231s ]
ERR: 无法加载模块:Public

[ 2017-07-10T13:10:30+08:00 ] 127.0.0.1 /wwwroot/Public/Home/css/__PUBLIC__/Home/fonts/glyphicons-halflings-regular.woff
INFO: [ app_init ] --START--
INFO: Run Behavior\BuildLiteBehavior [ RunTime:0.000015s ]
INFO: Run Common\Behavior\InitHookBehavior [ RunTime:0.001994s ]
INFO: [ app_init ] --END-- [ RunTime:0.002503s ]
ERR: 无法加载模块:Public

[ 2017-07-10T13:10:30+08:00 ] 127.0.0.1 /wwwroot/Public/Home/css/__PUBLIC__/Home/fonts/glyphicons-halflings-regular.ttf
INFO: [ app_init ] --START--
INFO: Run Behavior\BuildLiteBehavior [ RunTime:0.000012s ]
INFO: Run Common\Behavior\InitHookBehavior [ RunTime:0.001780s ]
INFO: [ app_init ] --END-- [ RunTime:0.002266s ]
ERR: 无法加载模块:Public

[ 2017-07-10T13:11:45+08:00 ] 127.0.0.1 /wwwroot/Public/Home/css/__PUBLIC__/Home/fonts/glyphicons-halflings-regular.woff2
INFO: [ app_init ] --START--
INFO: Run Behavior\BuildLiteBehavior [ RunTime:0.000024s ]
INFO: Run Common\Behavior\InitHookBehavior [ RunTime:0.002890s ]
INFO: [ app_init ] --END-- [ RunTime:0.003729s ]
ERR: 无法加载模块:Public

[ 2017-07-10T13:11:45+08:00 ] 127.0.0.1 /wwwroot/Public/Home/css/__PUBLIC__/Home/fonts/glyphicons-halflings-regular.woff
INFO: [ app_init ] --START--
INFO: Run Behavior\BuildLiteBehavior [ RunTime:0.000019s ]
INFO: Run Common\Behavior\InitHookBehavior [ RunTime:0.003374s ]
INFO: [ app_init ] --END-- [ RunTime:0.004178s ]
ERR: 无法加载模块:Public

[ 2017-07-10T13:11:45+08:00 ] 127.0.0.1 /wwwroot/Public/Home/css/__PUBLIC__/Home/fonts/glyphicons-halflings-regular.ttf
INFO: [ app_init ] --START--
INFO: Run Behavior\BuildLiteBehavior [ RunTime:0.000014s ]
INFO: Run Common\Behavior\InitHookBehavior [ RunTime:0.002913s ]
INFO: [ app_init ] --END-- [ RunTime:0.003439s ]
ERR: 无法加载模块:Public

[ 2017-07-10T13:11:48+08:00 ] 127.0.0.1 /wwwroot/Public/Home/css/__PUBLIC__/Home/fonts/glyphicons-halflings-regular.woff2
INFO: [ app_init ] --START--
INFO: Run Behavior\BuildLiteBehavior [ RunTime:0.000059s ]
INFO: Run Common\Behavior\InitHookBehavior [ RunTime:0.004491s ]
INFO: [ app_init ] --END-- [ RunTime:0.005795s ]
ERR: 无法加载模块:Public

[ 2017-07-10T13:11:48+08:00 ] 127.0.0.1 /wwwroot/Public/Home/css/__PUBLIC__/Home/fonts/glyphicons-halflings-regular.woff
INFO: [ app_init ] --START--
INFO: Run Behavior\BuildLiteBehavior [ RunTime:0.000025s ]
INFO: Run Common\Behavior\InitHookBehavior [ RunTime:0.004359s ]
INFO: [ app_init ] --END-- [ RunTime:0.005410s ]
ERR: 无法加载模块:Public

[ 2017-07-10T13:11:48+08:00 ] 127.0.0.1 /wwwroot/Public/Home/css/__PUBLIC__/Home/fonts/glyphicons-halflings-regular.ttf
INFO: [ app_init ] --START--
INFO: Run Behavior\BuildLiteBehavior [ RunTime:0.000018s ]
INFO: Run Common\Behavior\InitHookBehavior [ RunTime:0.001944s ]
INFO: [ app_init ] --END-- [ RunTime:0.002462s ]
ERR: 无法加载模块:Public

[ 2017-07-10T13:11:49+08:00 ] 127.0.0.1 /wwwroot/Public/Home/css/__PUBLIC__/Home/fonts/glyphicons-halflings-regular.woff2
INFO: [ app_init ] --START--
INFO: Run Behavior\BuildLiteBehavior [ RunTime:0.000017s ]
INFO: Run Common\Behavior\InitHookBehavior [ RunTime:0.002618s ]
INFO: [ app_init ] --END-- [ RunTime:0.003375s ]
ERR: 无法加载模块:Public

[ 2017-07-10T13:11:49+08:00 ] 127.0.0.1 /wwwroot/Public/Home/css/__PUBLIC__/Home/fonts/glyphicons-halflings-regular.woff
INFO: [ app_init ] --START--
INFO: Run Behavior\BuildLiteBehavior [ RunTime:0.000035s ]
INFO: Run Common\Behavior\InitHookBehavior [ RunTime:0.006447s ]
INFO: [ app_init ] --END-- [ RunTime:0.008227s ]
ERR: 无法加载模块:Public

[ 2017-07-10T13:11:49+08:00 ] 127.0.0.1 /wwwroot/Public/Home/css/__PUBLIC__/Home/fonts/glyphicons-halflings-regular.ttf
INFO: [ app_init ] --START--
INFO: Run Behavior\BuildLiteBehavior [ RunTime:0.000015s ]
INFO: Run Common\Behavior\InitHookBehavior [ RunTime:0.001932s ]
INFO: [ app_init ] --END-- [ RunTime:0.002409s ]
ERR: 无法加载模块:Public

[ 2017-07-10T13:11:50+08:00 ] 127.0.0.1 /wwwroot/Public/Home/css/__PUBLIC__/Home/fonts/glyphicons-halflings-regular.woff2
INFO: [ app_init ] --START--
INFO: Run Behavior\BuildLiteBehavior [ RunTime:0.000020s ]
INFO: Run Common\Behavior\InitHookBehavior [ RunTime:0.003155s ]
INFO: [ app_init ] --END-- [ RunTime:0.005879s ]
ERR: 无法加载模块:Public

[ 2017-07-10T13:11:50+08:00 ] 127.0.0.1 /wwwroot/Public/Home/css/__PUBLIC__/Home/fonts/glyphicons-halflings-regular.woff
INFO: [ app_init ] --START--
INFO: Run Behavior\BuildLiteBehavior [ RunTime:0.000025s ]
INFO: Run Common\Behavior\InitHookBehavior [ RunTime:0.007771s ]
INFO: [ app_init ] --END-- [ RunTime:0.008682s ]
ERR: 无法加载模块:Public

[ 2017-07-10T13:11:50+08:00 ] 127.0.0.1 /wwwroot/Public/Home/css/__PUBLIC__/Home/fonts/glyphicons-halflings-regular.ttf
INFO: [ app_init ] --START--
INFO: Run Behavior\BuildLiteBehavior [ RunTime:0.000015s ]
INFO: Run Common\Behavior\InitHookBehavior [ RunTime:0.002579s ]
INFO: [ app_init ] --END-- [ RunTime:0.003127s ]
ERR: 无法加载模块:Public

[ 2017-07-10T13:19:40+08:00 ] 127.0.0.1 /wwwroot/Public/Home/css/__PUBLIC__/Home/fonts/glyphicons-halflings-regular.woff2
INFO: [ app_init ] --START--
INFO: Run Behavior\BuildLiteBehavior [ RunTime:0.000027s ]
INFO: Run Common\Behavior\InitHookBehavior [ RunTime:0.003578s ]
INFO: [ app_init ] --END-- [ RunTime:0.004601s ]
ERR: 无法加载模块:Public

[ 2017-07-10T13:19:40+08:00 ] 127.0.0.1 /wwwroot/Public/Home/css/__PUBLIC__/Home/fonts/glyphicons-halflings-regular.woff
INFO: [ app_init ] --START--
INFO: Run Behavior\BuildLiteBehavior [ RunTime:0.000036s ]
INFO: Run Common\Behavior\InitHookBehavior [ RunTime:0.005051s ]
INFO: [ app_init ] --END-- [ RunTime:0.006145s ]
ERR: 无法加载模块:Public

[ 2017-07-10T13:19:40+08:00 ] 127.0.0.1 /wwwroot/Public/Home/css/__PUBLIC__/Home/fonts/glyphicons-halflings-regular.ttf
INFO: [ app_init ] --START--
INFO: Run Behavior\BuildLiteBehavior [ RunTime:0.000015s ]
INFO: Run Common\Behavior\InitHookBehavior [ RunTime:0.001864s ]
INFO: [ app_init ] --END-- [ RunTime:0.002578s ]
ERR: 无法加载模块:Public

[ 2017-07-10T13:19:41+08:00 ] 127.0.0.1 /wwwroot/Public/Home/css/__PUBLIC__/Home/fonts/glyphicons-halflings-regular.woff2
INFO: [ app_init ] --START--
INFO: Run Behavior\BuildLiteBehavior [ RunTime:0.000028s ]
INFO: Run Common\Behavior\InitHookBehavior [ RunTime:0.004441s ]
INFO: [ app_init ] --END-- [ RunTime:0.006945s ]
ERR: 无法加载模块:Public

[ 2017-07-10T13:19:41+08:00 ] 127.0.0.1 /wwwroot/Public/Home/css/__PUBLIC__/Home/fonts/glyphicons-halflings-regular.woff
INFO: [ app_init ] --START--
INFO: Run Behavior\BuildLiteBehavior [ RunTime:0.000028s ]
INFO: Run Common\Behavior\InitHookBehavior [ RunTime:0.008954s ]
INFO: [ app_init ] --END-- [ RunTime:0.010115s ]
ERR: 无法加载模块:Public

[ 2017-07-10T13:19:41+08:00 ] 127.0.0.1 /wwwroot/Public/Home/css/__PUBLIC__/Home/fonts/glyphicons-halflings-regular.ttf
INFO: [ app_init ] --START--
INFO: Run Behavior\BuildLiteBehavior [ RunTime:0.000016s ]
INFO: Run Common\Behavior\InitHookBehavior [ RunTime:0.002553s ]
INFO: [ app_init ] --END-- [ RunTime:0.003097s ]
ERR: 无法加载模块:Public

[ 2017-07-10T13:20:50+08:00 ] 127.0.0.1 /wwwroot/Public/Home/css/__PUBLIC__/Home/fonts/glyphicons-halflings-regular.woff2
INFO: [ app_init ] --START--
INFO: Run Behavior\BuildLiteBehavior [ RunTime:0.000032s ]
INFO: Run Common\Behavior\InitHookBehavior [ RunTime:0.010657s ]
INFO: [ app_init ] --END-- [ RunTime:0.012374s ]
ERR: 无法加载模块:Public

[ 2017-07-10T13:20:51+08:00 ] 127.0.0.1 /wwwroot/Public/Home/css/__PUBLIC__/Home/fonts/glyphicons-halflings-regular.woff
INFO: [ app_init ] --START--
INFO: Run Behavior\BuildLiteBehavior [ RunTime:0.000037s ]
INFO: Run Common\Behavior\InitHookBehavior [ RunTime:0.008224s ]
INFO: [ app_init ] --END-- [ RunTime:0.009838s ]
ERR: 无法加载模块:Public

[ 2017-07-10T13:20:51+08:00 ] 127.0.0.1 /wwwroot/Public/Home/css/__PUBLIC__/Home/fonts/glyphicons-halflings-regular.ttf
INFO: [ app_init ] --START--
INFO: Run Behavior\BuildLiteBehavior [ RunTime:0.000028s ]
INFO: Run Common\Behavior\InitHookBehavior [ RunTime:0.004285s ]
INFO: [ app_init ] --END-- [ RunTime:0.005680s ]
ERR: 无法加载模块:Public

[ 2017-07-10T13:20:52+08:00 ] 127.0.0.1 /wwwroot/Public/Home/css/__PUBLIC__/Home/fonts/glyphicons-halflings-regular.woff2
INFO: [ app_init ] --START--
INFO: Run Behavior\BuildLiteBehavior [ RunTime:0.000015s ]
INFO: Run Common\Behavior\InitHookBehavior [ RunTime:0.003281s ]
INFO: [ app_init ] --END-- [ RunTime:0.003971s ]
ERR: 无法加载模块:Public

[ 2017-07-10T13:20:52+08:00 ] 127.0.0.1 /wwwroot/Public/Home/css/__PUBLIC__/Home/fonts/glyphicons-halflings-regular.woff
INFO: [ app_init ] --START--
INFO: Run Behavior\BuildLiteBehavior [ RunTime:0.000036s ]
INFO: Run Common\Behavior\InitHookBehavior [ RunTime:0.007984s ]
INFO: [ app_init ] --END-- [ RunTime:0.009752s ]
ERR: 无法加载模块:Public

[ 2017-07-10T13:20:52+08:00 ] 127.0.0.1 /wwwroot/Public/Home/css/__PUBLIC__/Home/fonts/glyphicons-halflings-regular.ttf
INFO: [ app_init ] --START--
INFO: Run Behavior\BuildLiteBehavior [ RunTime:0.000017s ]
INFO: Run Common\Behavior\InitHookBehavior [ RunTime:0.001875s ]
INFO: [ app_init ] --END-- [ RunTime:0.002405s ]
ERR: 无法加载模块:Public

[ 2017-07-10T13:23:45+08:00 ] 127.0.0.1 /wwwroot/Public/Home/css/__PUBLIC__/Home/fonts/glyphicons-halflings-regular.woff2
INFO: [ app_init ] --START--
INFO: Run Behavior\BuildLiteBehavior [ RunTime:0.000019s ]
INFO: Run Common\Behavior\InitHookBehavior [ RunTime:0.005510s ]
INFO: [ app_init ] --END-- [ RunTime:0.006236s ]
ERR: 无法加载模块:Public

[ 2017-07-10T13:23:45+08:00 ] 127.0.0.1 /wwwroot/Public/Home/css/__PUBLIC__/Home/fonts/glyphicons-halflings-regular.woff
INFO: [ app_init ] --START--
INFO: Run Behavior\BuildLiteBehavior [ RunTime:0.000025s ]
INFO: Run Common\Behavior\InitHookBehavior [ RunTime:0.005520s ]
INFO: [ app_init ] --END-- [ RunTime:0.006600s ]
ERR: 无法加载模块:Public

[ 2017-07-10T13:23:45+08:00 ] 127.0.0.1 /wwwroot/Public/Home/css/__PUBLIC__/Home/fonts/glyphicons-halflings-regular.ttf
INFO: [ app_init ] --START--
INFO: Run Behavior\BuildLiteBehavior [ RunTime:0.000013s ]
INFO: Run Common\Behavior\InitHookBehavior [ RunTime:0.001845s ]
INFO: [ app_init ] --END-- [ RunTime:0.002333s ]
ERR: 无法加载模块:Public

[ 2017-07-10T13:23:46+08:00 ] 127.0.0.1 /wwwroot/Public/Home/css/__PUBLIC__/Home/fonts/glyphicons-halflings-regular.woff2
INFO: [ app_init ] --START--
INFO: Run Behavior\BuildLiteBehavior [ RunTime:0.000019s ]
INFO: Run Common\Behavior\InitHookBehavior [ RunTime:0.002924s ]
INFO: [ app_init ] --END-- [ RunTime:0.003669s ]
ERR: 无法加载模块:Public

[ 2017-07-10T13:23:46+08:00 ] 127.0.0.1 /wwwroot/Public/Home/css/__PUBLIC__/Home/fonts/glyphicons-halflings-regular.woff
INFO: [ app_init ] --START--
INFO: Run Behavior\BuildLiteBehavior [ RunTime:0.000021s ]
INFO: Run Common\Behavior\InitHookBehavior [ RunTime:0.004728s ]
INFO: [ app_init ] --END-- [ RunTime:0.005567s ]
ERR: 无法加载模块:Public

[ 2017-07-10T13:23:46+08:00 ] 127.0.0.1 /wwwroot/Public/Home/css/__PUBLIC__/Home/fonts/glyphicons-halflings-regular.ttf
INFO: [ app_init ] --START--
INFO: Run Behavior\BuildLiteBehavior [ RunTime:0.000013s ]
INFO: Run Common\Behavior\InitHookBehavior [ RunTime:0.004724s ]
INFO: [ app_init ] --END-- [ RunTime:0.005241s ]
ERR: 无法加载模块:Public

[ 2017-07-10T13:23:46+08:00 ] 127.0.0.1 /wwwroot/Public/Home/css/__PUBLIC__/Home/fonts/glyphicons-halflings-regular.woff2
INFO: [ app_init ] --START--
INFO: Run Behavior\BuildLiteBehavior [ RunTime:0.000028s ]
INFO: Run Common\Behavior\InitHookBehavior [ RunTime:0.003244s ]
INFO: [ app_init ] --END-- [ RunTime:0.004339s ]
ERR: 无法加载模块:Public

[ 2017-07-10T13:23:46+08:00 ] 127.0.0.1 /wwwroot/Public/Home/css/__PUBLIC__/Home/fonts/glyphicons-halflings-regular.woff
INFO: [ app_init ] --START--
INFO: Run Behavior\BuildLiteBehavior [ RunTime:0.000220s ]
INFO: Run Common\Behavior\InitHookBehavior [ RunTime:0.010948s ]
INFO: [ app_init ] --END-- [ RunTime:0.014585s ]
ERR: 无法加载模块:Public

[ 2017-07-10T13:23:46+08:00 ] 127.0.0.1 /wwwroot/Public/Home/css/__PUBLIC__/Home/fonts/glyphicons-halflings-regular.ttf
INFO: [ app_init ] --START--
INFO: Run Behavior\BuildLiteBehavior [ RunTime:0.000091s ]
INFO: Run Common\Behavior\InitHookBehavior [ RunTime:0.007135s ]
INFO: [ app_init ] --END-- [ RunTime:0.009054s ]
ERR: 无法加载模块:Public

[ 2017-07-10T13:23:47+08:00 ] 127.0.0.1 /wwwroot/Public/Home/css/__PUBLIC__/Home/fonts/glyphicons-halflings-regular.woff2
INFO: [ app_init ] --START--
INFO: Run Behavior\BuildLiteBehavior [ RunTime:0.000022s ]
INFO: Run Common\Behavior\InitHookBehavior [ RunTime:0.015650s ]
INFO: [ app_init ] --END-- [ RunTime:0.016688s ]
ERR: 无法加载模块:Public

[ 2017-07-10T13:23:47+08:00 ] 127.0.0.1 /wwwroot/Public/Home/css/__PUBLIC__/Home/fonts/glyphicons-halflings-regular.woff
INFO: [ app_init ] --START--
INFO: Run Behavior\BuildLiteBehavior [ RunTime:0.000036s ]
INFO: Run Common\Behavior\InitHookBehavior [ RunTime:0.007460s ]
INFO: [ app_init ] --END-- [ RunTime:0.009126s ]
ERR: 无法加载模块:Public

[ 2017-07-10T13:23:47+08:00 ] 127.0.0.1 /wwwroot/Public/Home/css/__PUBLIC__/Home/fonts/glyphicons-halflings-regular.ttf
INFO: [ app_init ] --START--
INFO: Run Behavior\BuildLiteBehavior [ RunTime:0.000012s ]
INFO: Run Common\Behavior\InitHookBehavior [ RunTime:0.001735s ]
INFO: [ app_init ] --END-- [ RunTime:0.002243s ]
ERR: 无法加载模块:Public

