[ 2017-07-07T14:21:46+08:00 ] 127.0.0.1 /wwwroot/zushou.html
INFO: [ app_init ] --START--
INFO: Run Behavior\BuildLiteBehavior [ RunTime:0.000012s ]
INFO: Run Common\Behavior\InitHookBehavior [ RunTime:0.002501s ]
INFO: [ app_init ] --END-- [ RunTime:0.003026s ]
ERR: 无法加载模块:Zushou

[ 2017-07-07T14:21:51+08:00 ] 127.0.0.1 /wwwroot/my.html
INFO: [ app_init ] --START--
INFO: Run Behavior\BuildLiteBehavior [ RunTime:0.000012s ]
INFO: Run Common\Behavior\InitHookBehavior [ RunTime:0.002175s ]
INFO: [ app_init ] --END-- [ RunTime:0.002698s ]
ERR: 无法加载模块:My

[ 2017-07-07T14:25:50+08:00 ] 127.0.0.1 /wwwroot/Public/Home/fonts/glyphicons-halflings-regular.woff2
INFO: [ app_init ] --START--
INFO: Run Behavior\BuildLiteBehavior [ RunTime:0.000012s ]
INFO: Run Common\Behavior\InitHookBehavior [ RunTime:0.002099s ]
INFO: [ app_init ] --END-- [ RunTime:0.002655s ]
ERR: 无法加载模块:Public

[ 2017-07-07T14:25:50+08:00 ] 127.0.0.1 /wwwroot/Public/Home/fonts/glyphicons-halflings-regular.woff
INFO: [ app_init ] --START--
INFO: Run Behavior\BuildLiteBehavior [ RunTime:0.000011s ]
INFO: Run Common\Behavior\InitHookBehavior [ RunTime:0.002089s ]
INFO: [ app_init ] --END-- [ RunTime:0.002627s ]
ERR: 无法加载模块:Public

[ 2017-07-07T14:25:50+08:00 ] 127.0.0.1 /wwwroot/Public/Home/fonts/glyphicons-halflings-regular.ttf
INFO: [ app_init ] --START--
INFO: Run Behavior\BuildLiteBehavior [ RunTime:0.000011s ]
INFO: Run Common\Behavior\InitHookBehavior [ RunTime:0.004722s ]
INFO: [ app_init ] --END-- [ RunTime:0.005234s ]
ERR: 无法加载模块:Public

[ 2017-07-07T14:31:53+08:00 ] 127.0.0.1 /wwwroot/Public/Home/fonts/glyphicons-halflings-regular.woff2
INFO: [ app_init ] --START--
INFO: Run Behavior\BuildLiteBehavior [ RunTime:0.000016s ]
INFO: Run Common\Behavior\InitHookBehavior [ RunTime:0.002734s ]
INFO: [ app_init ] --END-- [ RunTime:0.003465s ]
ERR: 无法加载模块:Public

[ 2017-07-07T14:31:53+08:00 ] 127.0.0.1 /wwwroot/Public/Home/fonts/glyphicons-halflings-regular.woff
INFO: [ app_init ] --START--
INFO: Run Behavior\BuildLiteBehavior [ RunTime:0.000012s ]
INFO: Run Common\Behavior\InitHookBehavior [ RunTime:0.002163s ]
INFO: [ app_init ] --END-- [ RunTime:0.002714s ]
ERR: 无法加载模块:Public

[ 2017-07-07T14:31:53+08:00 ] 127.0.0.1 /wwwroot/Public/Home/fonts/glyphicons-halflings-regular.ttf
INFO: [ app_init ] --START--
INFO: Run Behavior\BuildLiteBehavior [ RunTime:0.000011s ]
INFO: Run Common\Behavior\InitHookBehavior [ RunTime:0.001653s ]
INFO: [ app_init ] --END-- [ RunTime:0.002131s ]
ERR: 无法加载模块:Public

[ 2017-07-07T14:33:40+08:00 ] 127.0.0.1 /wwwroot/Public/images/wechat/index.png
INFO: [ app_init ] --START--
INFO: Run Behavior\BuildLiteBehavior [ RunTime:0.000026s ]
INFO: Run Common\Behavior\InitHookBehavior [ RunTime:0.004226s ]
INFO: [ app_init ] --END-- [ RunTime:0.005176s ]

[ 2017-07-07T14:33:40+08:00 ] 127.0.0.1 /wwwroot/Public/Home/fonts/glyphicons-halflings-regular.woff2
INFO: [ app_init ] --START--
INFO: Run Behavior\BuildLiteBehavior [ RunTime:0.000033s ]
INFO: Run Common\Behavior\InitHookBehavior [ RunTime:0.004547s ]
INFO: [ app_init ] --END-- [ RunTime:0.005826s ]
ERR: 无法加载模块:Public

[ 2017-07-07T14:33:40+08:00 ] 127.0.0.1 /wwwroot/Public/Home/fonts/glyphicons-halflings-regular.woff
INFO: [ app_init ] --START--
INFO: Run Behavior\BuildLiteBehavior [ RunTime:0.000036s ]
INFO: Run Common\Behavior\InitHookBehavior [ RunTime:0.004522s ]
INFO: [ app_init ] --END-- [ RunTime:0.005714s ]
ERR: 无法加载模块:Public

[ 2017-07-07T14:33:40+08:00 ] 127.0.0.1 /wwwroot/Public/Home/fonts/glyphicons-halflings-regular.ttf
INFO: [ app_init ] --START--
INFO: Run Behavior\BuildLiteBehavior [ RunTime:0.000018s ]
INFO: Run Common\Behavior\InitHookBehavior [ RunTime:0.002023s ]
INFO: [ app_init ] --END-- [ RunTime:0.002535s ]
ERR: 无法加载模块:Public

[ 2017-07-07T14:33:47+08:00 ] 127.0.0.1 /wwwroot/Public/images/wechat/index.png
INFO: [ app_init ] --START--
INFO: Run Behavior\BuildLiteBehavior [ RunTime:0.000028s ]
INFO: Run Common\Behavior\InitHookBehavior [ RunTime:0.003909s ]
INFO: [ app_init ] --END-- [ RunTime:0.004969s ]

[ 2017-07-07T14:33:47+08:00 ] 127.0.0.1 /wwwroot/Public/Home/fonts/glyphicons-halflings-regular.woff2
INFO: [ app_init ] --START--
INFO: Run Behavior\BuildLiteBehavior [ RunTime:0.000025s ]
INFO: Run Common\Behavior\InitHookBehavior [ RunTime:0.002340s ]
INFO: [ app_init ] --END-- [ RunTime:0.003242s ]
ERR: 无法加载模块:Public

[ 2017-07-07T14:33:48+08:00 ] 127.0.0.1 /wwwroot/Public/Home/fonts/glyphicons-halflings-regular.woff
INFO: [ app_init ] --START--
INFO: Run Behavior\BuildLiteBehavior [ RunTime:0.000027s ]
INFO: Run Common\Behavior\InitHookBehavior [ RunTime:0.003401s ]
INFO: [ app_init ] --END-- [ RunTime:0.004437s ]
ERR: 无法加载模块:Public

[ 2017-07-07T14:33:48+08:00 ] 127.0.0.1 /wwwroot/Public/Home/fonts/glyphicons-halflings-regular.ttf
INFO: [ app_init ] --START--
INFO: Run Behavior\BuildLiteBehavior [ RunTime:0.000015s ]
INFO: Run Common\Behavior\InitHookBehavior [ RunTime:0.001569s ]
INFO: [ app_init ] --END-- [ RunTime:0.002009s ]
ERR: 无法加载模块:Public

[ 2017-07-07T14:34:05+08:00 ] 127.0.0.1 /wwwroot/Public/Home/fonts/glyphicons-halflings-regular.woff2
INFO: [ app_init ] --START--
INFO: Run Behavior\BuildLiteBehavior [ RunTime:0.000014s ]
INFO: Run Common\Behavior\InitHookBehavior [ RunTime:0.001786s ]
INFO: [ app_init ] --END-- [ RunTime:0.002322s ]
ERR: 无法加载模块:Public

[ 2017-07-07T14:34:05+08:00 ] 127.0.0.1 /wwwroot/Public/Home/fonts/glyphicons-halflings-regular.woff
INFO: [ app_init ] --START--
INFO: Run Behavior\BuildLiteBehavior [ RunTime:0.000013s ]
INFO: Run Common\Behavior\InitHookBehavior [ RunTime:0.004547s ]
INFO: [ app_init ] --END-- [ RunTime:0.005027s ]
ERR: 无法加载模块:Public

[ 2017-07-07T14:34:05+08:00 ] 127.0.0.1 /wwwroot/Public/Home/fonts/glyphicons-halflings-regular.ttf
INFO: [ app_init ] --START--
INFO: Run Behavior\BuildLiteBehavior [ RunTime:0.000013s ]
INFO: Run Common\Behavior\InitHookBehavior [ RunTime:0.001649s ]
INFO: [ app_init ] --END-- [ RunTime:0.002138s ]
ERR: 无法加载模块:Public

[ 2017-07-07T14:37:04+08:00 ] 127.0.0.1 /wwwroot/Public/Home/fonts/glyphicons-halflings-regular.woff2
INFO: [ app_init ] --START--
INFO: Run Behavior\BuildLiteBehavior [ RunTime:0.000013s ]
INFO: Run Common\Behavior\InitHookBehavior [ RunTime:0.002458s ]
INFO: [ app_init ] --END-- [ RunTime:0.002950s ]
ERR: 无法加载模块:Public

[ 2017-07-07T14:37:04+08:00 ] 127.0.0.1 /wwwroot/Public/Home/fonts/glyphicons-halflings-regular.woff
INFO: [ app_init ] --START--
INFO: Run Behavior\BuildLiteBehavior [ RunTime:0.000016s ]
INFO: Run Common\Behavior\InitHookBehavior [ RunTime:0.003957s ]
INFO: [ app_init ] --END-- [ RunTime:0.004839s ]
ERR: 无法加载模块:Public

[ 2017-07-07T14:37:04+08:00 ] 127.0.0.1 /wwwroot/Public/Home/fonts/glyphicons-halflings-regular.ttf
INFO: [ app_init ] --START--
INFO: Run Behavior\BuildLiteBehavior [ RunTime:0.000013s ]
INFO: Run Common\Behavior\InitHookBehavior [ RunTime:0.001983s ]
INFO: [ app_init ] --END-- [ RunTime:0.002503s ]
ERR: 无法加载模块:Public

[ 2017-07-07T14:37:07+08:00 ] 127.0.0.1 /wwwroot/Public/Home/fonts/glyphicons-halflings-regular.woff2
INFO: [ app_init ] --START--
INFO: Run Behavior\BuildLiteBehavior [ RunTime:0.000022s ]
INFO: Run Common\Behavior\InitHookBehavior [ RunTime:0.003267s ]
INFO: [ app_init ] --END-- [ RunTime:0.004081s ]
ERR: 无法加载模块:Public

[ 2017-07-07T14:37:07+08:00 ] 127.0.0.1 /wwwroot/Public/Home/fonts/glyphicons-halflings-regular.woff
INFO: [ app_init ] --START--
INFO: Run Behavior\BuildLiteBehavior [ RunTime:0.000012s ]
INFO: Run Common\Behavior\InitHookBehavior [ RunTime:0.001962s ]
INFO: [ app_init ] --END-- [ RunTime:0.002455s ]
ERR: 无法加载模块:Public

[ 2017-07-07T14:37:07+08:00 ] 127.0.0.1 /wwwroot/Public/Home/fonts/glyphicons-halflings-regular.ttf
INFO: [ app_init ] --START--
INFO: Run Behavior\BuildLiteBehavior [ RunTime:0.000012s ]
INFO: Run Common\Behavior\InitHookBehavior [ RunTime:0.001719s ]
INFO: [ app_init ] --END-- [ RunTime:0.002173s ]
ERR: 无法加载模块:Public

[ 2017-07-07T14:37:10+08:00 ] 127.0.0.1 /wwwroot/Public/Home/fonts/glyphicons-halflings-regular.woff2
INFO: [ app_init ] --START--
INFO: Run Behavior\BuildLiteBehavior [ RunTime:0.000013s ]
INFO: Run Common\Behavior\InitHookBehavior [ RunTime:0.002748s ]
INFO: [ app_init ] --END-- [ RunTime:0.003225s ]
ERR: 无法加载模块:Public

[ 2017-07-07T14:37:10+08:00 ] 127.0.0.1 /wwwroot/Public/Home/fonts/glyphicons-halflings-regular.woff
INFO: [ app_init ] --START--
INFO: Run Behavior\BuildLiteBehavior [ RunTime:0.000016s ]
INFO: Run Common\Behavior\InitHookBehavior [ RunTime:0.003532s ]
INFO: [ app_init ] --END-- [ RunTime:0.005177s ]
ERR: 无法加载模块:Public

[ 2017-07-07T14:37:10+08:00 ] 127.0.0.1 /wwwroot/Public/Home/fonts/glyphicons-halflings-regular.ttf
INFO: [ app_init ] --START--
INFO: Run Behavior\BuildLiteBehavior [ RunTime:0.000026s ]
INFO: Run Common\Behavior\InitHookBehavior [ RunTime:0.003319s ]
INFO: [ app_init ] --END-- [ RunTime:0.004006s ]
ERR: 无法加载模块:Public

[ 2017-07-07T14:37:10+08:00 ] 127.0.0.1 /wwwroot/Public/Home/fonts/glyphicons-halflings-regular.woff2
INFO: [ app_init ] --START--
INFO: Run Behavior\BuildLiteBehavior [ RunTime:0.000022s ]
INFO: Run Common\Behavior\InitHookBehavior [ RunTime:0.002638s ]
INFO: [ app_init ] --END-- [ RunTime:0.003336s ]
ERR: 无法加载模块:Public

[ 2017-07-07T14:37:10+08:00 ] 127.0.0.1 /wwwroot/Public/Home/fonts/glyphicons-halflings-regular.woff
INFO: [ app_init ] --START--
INFO: Run Behavior\BuildLiteBehavior [ RunTime:0.000058s ]
INFO: Run Common\Behavior\InitHookBehavior [ RunTime:0.003979s ]
INFO: [ app_init ] --END-- [ RunTime:0.005367s ]
ERR: 无法加载模块:Public

[ 2017-07-07T14:37:10+08:00 ] 127.0.0.1 /wwwroot/Public/Home/fonts/glyphicons-halflings-regular.ttf
INFO: [ app_init ] --START--
INFO: Run Behavior\BuildLiteBehavior [ RunTime:0.000093s ]
INFO: Run Common\Behavior\InitHookBehavior [ RunTime:0.003494s ]
INFO: [ app_init ] --END-- [ RunTime:0.004519s ]
ERR: 无法加载模块:Public

[ 2017-07-07T14:37:36+08:00 ] 127.0.0.1 /wwwroot/Public/Home/fonts/glyphicons-halflings-regular.woff2
INFO: [ app_init ] --START--
INFO: Run Behavior\BuildLiteBehavior [ RunTime:0.000056s ]
INFO: Run Common\Behavior\InitHookBehavior [ RunTime:0.003324s ]
INFO: [ app_init ] --END-- [ RunTime:0.004279s ]
ERR: 无法加载模块:Public

[ 2017-07-07T14:37:36+08:00 ] 127.0.0.1 /wwwroot/Public/Home/fonts/glyphicons-halflings-regular.woff
INFO: [ app_init ] --START--
INFO: Run Behavior\BuildLiteBehavior [ RunTime:0.000016s ]
INFO: Run Common\Behavior\InitHookBehavior [ RunTime:0.001814s ]
INFO: [ app_init ] --END-- [ RunTime:0.002540s ]
ERR: 无法加载模块:Public

[ 2017-07-07T14:37:36+08:00 ] 127.0.0.1 /wwwroot/Public/Home/fonts/glyphicons-halflings-regular.ttf
INFO: [ app_init ] --START--
INFO: Run Behavior\BuildLiteBehavior [ RunTime:0.000016s ]
INFO: Run Common\Behavior\InitHookBehavior [ RunTime:0.001830s ]
INFO: [ app_init ] --END-- [ RunTime:0.002366s ]
ERR: 无法加载模块:Public

[ 2017-07-07T14:39:16+08:00 ] 127.0.0.1 /wwwroot/Public/Home/fonts/glyphicons-halflings-regular.woff2
INFO: [ app_init ] --START--
INFO: Run Behavior\BuildLiteBehavior [ RunTime:0.000018s ]
INFO: Run Common\Behavior\InitHookBehavior [ RunTime:0.002085s ]
INFO: [ app_init ] --END-- [ RunTime:0.002676s ]
ERR: 无法加载模块:Public

[ 2017-07-07T14:39:16+08:00 ] 127.0.0.1 /wwwroot/Public/Home/fonts/glyphicons-halflings-regular.woff
INFO: [ app_init ] --START--
INFO: Run Behavior\BuildLiteBehavior [ RunTime:0.000027s ]
INFO: Run Common\Behavior\InitHookBehavior [ RunTime:0.002736s ]
INFO: [ app_init ] --END-- [ RunTime:0.003737s ]
ERR: 无法加载模块:Public

[ 2017-07-07T14:39:16+08:00 ] 127.0.0.1 /wwwroot/Public/Home/fonts/glyphicons-halflings-regular.ttf
INFO: [ app_init ] --START--
INFO: Run Behavior\BuildLiteBehavior [ RunTime:0.000012s ]
INFO: Run Common\Behavior\InitHookBehavior [ RunTime:0.001536s ]
INFO: [ app_init ] --END-- [ RunTime:0.001941s ]
ERR: 无法加载模块:Public

[ 2017-07-07T14:39:30+08:00 ] 127.0.0.1 /wwwroot/Public/Home/fonts/glyphicons-halflings-regular.woff2
INFO: [ app_init ] --START--
INFO: Run Behavior\BuildLiteBehavior [ RunTime:0.000026s ]
INFO: Run Common\Behavior\InitHookBehavior [ RunTime:0.003135s ]
INFO: [ app_init ] --END-- [ RunTime:0.004108s ]
ERR: 无法加载模块:Public

[ 2017-07-07T14:39:30+08:00 ] 127.0.0.1 /wwwroot/Public/Home/fonts/glyphicons-halflings-regular.woff
INFO: [ app_init ] --START--
INFO: Run Behavior\BuildLiteBehavior [ RunTime:0.000013s ]
INFO: Run Common\Behavior\InitHookBehavior [ RunTime:0.001636s ]
INFO: [ app_init ] --END-- [ RunTime:0.002147s ]
ERR: 无法加载模块:Public

[ 2017-07-07T14:39:30+08:00 ] 127.0.0.1 /wwwroot/Public/Home/fonts/glyphicons-halflings-regular.ttf
INFO: [ app_init ] --START--
INFO: Run Behavior\BuildLiteBehavior [ RunTime:0.000018s ]
INFO: Run Common\Behavior\InitHookBehavior [ RunTime:0.003711s ]
INFO: [ app_init ] --END-- [ RunTime:0.004537s ]
ERR: 无法加载模块:Public

[ 2017-07-07T14:39:30+08:00 ] 127.0.0.1 /wwwroot/Public/Home/fonts/glyphicons-halflings-regular.woff2
INFO: [ app_init ] --START--
INFO: Run Behavior\BuildLiteBehavior [ RunTime:0.000022s ]
INFO: Run Common\Behavior\InitHookBehavior [ RunTime:0.002445s ]
INFO: [ app_init ] --END-- [ RunTime:0.003233s ]
ERR: 无法加载模块:Public

[ 2017-07-07T14:39:31+08:00 ] 127.0.0.1 /wwwroot/Public/Home/fonts/glyphicons-halflings-regular.woff
INFO: [ app_init ] --START--
INFO: Run Behavior\BuildLiteBehavior [ RunTime:0.000013s ]
INFO: Run Common\Behavior\InitHookBehavior [ RunTime:0.002218s ]
INFO: [ app_init ] --END-- [ RunTime:0.002665s ]
ERR: 无法加载模块:Public

[ 2017-07-07T14:39:31+08:00 ] 127.0.0.1 /wwwroot/Public/Home/fonts/glyphicons-halflings-regular.ttf
INFO: [ app_init ] --START--
INFO: Run Behavior\BuildLiteBehavior [ RunTime:0.000014s ]
INFO: Run Common\Behavior\InitHookBehavior [ RunTime:0.002801s ]
INFO: [ app_init ] --END-- [ RunTime:0.003656s ]
ERR: 无法加载模块:Public

[ 2017-07-07T14:39:31+08:00 ] 127.0.0.1 /wwwroot/Public/Home/fonts/glyphicons-halflings-regular.woff2
INFO: [ app_init ] --START--
INFO: Run Behavior\BuildLiteBehavior [ RunTime:0.000013s ]
INFO: Run Common\Behavior\InitHookBehavior [ RunTime:0.001643s ]
INFO: [ app_init ] --END-- [ RunTime:0.002077s ]
ERR: 无法加载模块:Public

[ 2017-07-07T14:39:31+08:00 ] 127.0.0.1 /wwwroot/Public/Home/fonts/glyphicons-halflings-regular.woff
INFO: [ app_init ] --START--
INFO: Run Behavior\BuildLiteBehavior [ RunTime:0.000014s ]
INFO: Run Common\Behavior\InitHookBehavior [ RunTime:0.001698s ]
INFO: [ app_init ] --END-- [ RunTime:0.002182s ]
ERR: 无法加载模块:Public

[ 2017-07-07T14:39:31+08:00 ] 127.0.0.1 /wwwroot/Public/Home/fonts/glyphicons-halflings-regular.ttf
INFO: [ app_init ] --START--
INFO: Run Behavior\BuildLiteBehavior [ RunTime:0.000019s ]
INFO: Run Common\Behavior\InitHookBehavior [ RunTime:0.002623s ]
INFO: [ app_init ] --END-- [ RunTime:0.003319s ]
ERR: 无法加载模块:Public

[ 2017-07-07T14:39:31+08:00 ] 127.0.0.1 /wwwroot/Public/Home/fonts/glyphicons-halflings-regular.woff2
INFO: [ app_init ] --START--
INFO: Run Behavior\BuildLiteBehavior [ RunTime:0.000023s ]
INFO: Run Common\Behavior\InitHookBehavior [ RunTime:0.002956s ]
INFO: [ app_init ] --END-- [ RunTime:0.003611s ]
ERR: 无法加载模块:Public

[ 2017-07-07T14:39:31+08:00 ] 127.0.0.1 /wwwroot/Public/Home/fonts/glyphicons-halflings-regular.woff
INFO: [ app_init ] --START--
INFO: Run Behavior\BuildLiteBehavior [ RunTime:0.000021s ]
INFO: Run Common\Behavior\InitHookBehavior [ RunTime:0.002934s ]
INFO: [ app_init ] --END-- [ RunTime:0.003532s ]
ERR: 无法加载模块:Public

[ 2017-07-07T14:39:31+08:00 ] 127.0.0.1 /wwwroot/Public/Home/fonts/glyphicons-halflings-regular.ttf
INFO: [ app_init ] --START--
INFO: Run Behavior\BuildLiteBehavior [ RunTime:0.000020s ]
INFO: Run Common\Behavior\InitHookBehavior [ RunTime:0.004478s ]
INFO: [ app_init ] --END-- [ RunTime:0.005202s ]
ERR: 无法加载模块:Public

[ 2017-07-07T14:39:32+08:00 ] 127.0.0.1 /wwwroot/Public/Home/fonts/glyphicons-halflings-regular.woff2
INFO: [ app_init ] --START--
INFO: Run Behavior\BuildLiteBehavior [ RunTime:0.000013s ]
INFO: Run Common\Behavior\InitHookBehavior [ RunTime:0.002351s ]
INFO: [ app_init ] --END-- [ RunTime:0.002841s ]
ERR: 无法加载模块:Public

[ 2017-07-07T14:39:32+08:00 ] 127.0.0.1 /wwwroot/Public/Home/fonts/glyphicons-halflings-regular.woff
INFO: [ app_init ] --START--
INFO: Run Behavior\BuildLiteBehavior [ RunTime:0.000011s ]
INFO: Run Common\Behavior\InitHookBehavior [ RunTime:0.001529s ]
INFO: [ app_init ] --END-- [ RunTime:0.001936s ]
ERR: 无法加载模块:Public

[ 2017-07-07T14:39:32+08:00 ] 127.0.0.1 /wwwroot/Public/Home/fonts/glyphicons-halflings-regular.ttf
INFO: [ app_init ] --START--
INFO: Run Behavior\BuildLiteBehavior [ RunTime:0.000017s ]
INFO: Run Common\Behavior\InitHookBehavior [ RunTime:0.004536s ]
INFO: [ app_init ] --END-- [ RunTime:0.005093s ]
ERR: 无法加载模块:Public

[ 2017-07-07T14:40:53+08:00 ] 127.0.0.1 /wwwroot/Public/Home/fonts/glyphicons-halflings-regular.woff2
INFO: [ app_init ] --START--
INFO: Run Behavior\BuildLiteBehavior [ RunTime:0.000083s ]
INFO: Run Common\Behavior\InitHookBehavior [ RunTime:0.002397s ]
INFO: [ app_init ] --END-- [ RunTime:0.003630s ]
ERR: 无法加载模块:Public

[ 2017-07-07T14:40:53+08:00 ] 127.0.0.1 /wwwroot/Public/Home/fonts/glyphicons-halflings-regular.woff
INFO: [ app_init ] --START--
INFO: Run Behavior\BuildLiteBehavior [ RunTime:0.000013s ]
INFO: Run Common\Behavior\InitHookBehavior [ RunTime:0.001709s ]
INFO: [ app_init ] --END-- [ RunTime:0.002147s ]
ERR: 无法加载模块:Public

[ 2017-07-07T14:40:53+08:00 ] 127.0.0.1 /wwwroot/Public/Home/fonts/glyphicons-halflings-regular.ttf
INFO: [ app_init ] --START--
INFO: Run Behavior\BuildLiteBehavior [ RunTime:0.000018s ]
INFO: Run Common\Behavior\InitHookBehavior [ RunTime:0.003066s ]
INFO: [ app_init ] --END-- [ RunTime:0.003836s ]
ERR: 无法加载模块:Public

[ 2017-07-07T14:40:54+08:00 ] 127.0.0.1 /wwwroot/Public/Home/fonts/glyphicons-halflings-regular.woff2
INFO: [ app_init ] --START--
INFO: Run Behavior\BuildLiteBehavior [ RunTime:0.000020s ]
INFO: Run Common\Behavior\InitHookBehavior [ RunTime:0.004091s ]
INFO: [ app_init ] --END-- [ RunTime:0.005067s ]
ERR: 无法加载模块:Public

[ 2017-07-07T14:40:55+08:00 ] 127.0.0.1 /wwwroot/Public/Home/fonts/glyphicons-halflings-regular.woff
INFO: [ app_init ] --START--
INFO: Run Behavior\BuildLiteBehavior [ RunTime:0.000012s ]
INFO: Run Common\Behavior\InitHookBehavior [ RunTime:0.001591s ]
INFO: [ app_init ] --END-- [ RunTime:0.002017s ]
ERR: 无法加载模块:Public

[ 2017-07-07T14:40:55+08:00 ] 127.0.0.1 /wwwroot/Public/Home/fonts/glyphicons-halflings-regular.ttf
INFO: [ app_init ] --START--
INFO: Run Behavior\BuildLiteBehavior [ RunTime:0.000014s ]
INFO: Run Common\Behavior\InitHookBehavior [ RunTime:0.001647s ]
INFO: [ app_init ] --END-- [ RunTime:0.002144s ]
ERR: 无法加载模块:Public

[ 2017-07-07T14:40:55+08:00 ] 127.0.0.1 /wwwroot/Public/Home/fonts/glyphicons-halflings-regular.woff2
INFO: [ app_init ] --START--
INFO: Run Behavior\BuildLiteBehavior [ RunTime:0.000024s ]
INFO: Run Common\Behavior\InitHookBehavior [ RunTime:0.005925s ]
INFO: [ app_init ] --END-- [ RunTime:0.006584s ]
ERR: 无法加载模块:Public

[ 2017-07-07T14:40:55+08:00 ] 127.0.0.1 /wwwroot/Public/Home/fonts/glyphicons-halflings-regular.woff
INFO: [ app_init ] --START--
INFO: Run Behavior\BuildLiteBehavior [ RunTime:0.000013s ]
INFO: Run Common\Behavior\InitHookBehavior [ RunTime:0.001546s ]
INFO: [ app_init ] --END-- [ RunTime:0.001955s ]
ERR: 无法加载模块:Public

[ 2017-07-07T14:40:55+08:00 ] 127.0.0.1 /wwwroot/Public/Home/fonts/glyphicons-halflings-regular.ttf
INFO: [ app_init ] --START--
INFO: Run Behavior\BuildLiteBehavior [ RunTime:0.000015s ]
INFO: Run Common\Behavior\InitHookBehavior [ RunTime:0.001599s ]
INFO: [ app_init ] --END-- [ RunTime:0.002051s ]
ERR: 无法加载模块:Public

[ 2017-07-07T14:40:55+08:00 ] 127.0.0.1 /wwwroot/Public/Home/fonts/glyphicons-halflings-regular.woff2
INFO: [ app_init ] --START--
INFO: Run Behavior\BuildLiteBehavior [ RunTime:0.000017s ]
INFO: Run Common\Behavior\InitHookBehavior [ RunTime:0.002879s ]
INFO: [ app_init ] --END-- [ RunTime:0.003530s ]
ERR: 无法加载模块:Public

[ 2017-07-07T14:40:55+08:00 ] 127.0.0.1 /wwwroot/Public/Home/fonts/glyphicons-halflings-regular.woff
INFO: [ app_init ] --START--
INFO: Run Behavior\BuildLiteBehavior [ RunTime:0.000024s ]
INFO: Run Common\Behavior\InitHookBehavior [ RunTime:0.004872s ]
INFO: [ app_init ] --END-- [ RunTime:0.005688s ]
ERR: 无法加载模块:Public

[ 2017-07-07T14:40:55+08:00 ] 127.0.0.1 /wwwroot/Public/Home/fonts/glyphicons-halflings-regular.ttf
INFO: [ app_init ] --START--
INFO: Run Behavior\BuildLiteBehavior [ RunTime:0.000011s ]
INFO: Run Common\Behavior\InitHookBehavior [ RunTime:0.003072s ]
INFO: [ app_init ] --END-- [ RunTime:0.003488s ]
ERR: 无法加载模块:Public

[ 2017-07-07T14:40:55+08:00 ] 127.0.0.1 /wwwroot/Public/Home/fonts/glyphicons-halflings-regular.woff2
INFO: [ app_init ] --START--
INFO: Run Behavior\BuildLiteBehavior [ RunTime:0.000033s ]
INFO: Run Common\Behavior\InitHookBehavior [ RunTime:0.002810s ]
INFO: [ app_init ] --END-- [ RunTime:0.003630s ]
ERR: 无法加载模块:Public

[ 2017-07-07T14:40:56+08:00 ] 127.0.0.1 /wwwroot/Public/Home/fonts/glyphicons-halflings-regular.woff
INFO: [ app_init ] --START--
INFO: Run Behavior\BuildLiteBehavior [ RunTime:0.000026s ]
INFO: Run Common\Behavior\InitHookBehavior [ RunTime:0.004501s ]
INFO: [ app_init ] --END-- [ RunTime:0.005295s ]
ERR: 无法加载模块:Public

[ 2017-07-07T14:40:56+08:00 ] 127.0.0.1 /wwwroot/Public/Home/fonts/glyphicons-halflings-regular.ttf
INFO: [ app_init ] --START--
INFO: Run Behavior\BuildLiteBehavior [ RunTime:0.000012s ]
INFO: Run Common\Behavior\InitHookBehavior [ RunTime:0.001878s ]
INFO: [ app_init ] --END-- [ RunTime:0.002292s ]
ERR: 无法加载模块:Public

[ 2017-07-07T14:40:56+08:00 ] 127.0.0.1 /wwwroot/Public/Home/fonts/glyphicons-halflings-regular.woff2
INFO: [ app_init ] --START--
INFO: Run Behavior\BuildLiteBehavior [ RunTime:0.000012s ]
INFO: Run Common\Behavior\InitHookBehavior [ RunTime:0.002654s ]
INFO: [ app_init ] --END-- [ RunTime:0.003130s ]
ERR: 无法加载模块:Public

[ 2017-07-07T14:40:56+08:00 ] 127.0.0.1 /wwwroot/Public/Home/fonts/glyphicons-halflings-regular.woff
INFO: [ app_init ] --START--
INFO: Run Behavior\BuildLiteBehavior [ RunTime:0.000022s ]
INFO: Run Common\Behavior\InitHookBehavior [ RunTime:0.002669s ]
INFO: [ app_init ] --END-- [ RunTime:0.003532s ]
ERR: 无法加载模块:Public

[ 2017-07-07T14:40:56+08:00 ] 127.0.0.1 /wwwroot/Public/Home/fonts/glyphicons-halflings-regular.ttf
INFO: [ app_init ] --START--
INFO: Run Behavior\BuildLiteBehavior [ RunTime:0.000012s ]
INFO: Run Common\Behavior\InitHookBehavior [ RunTime:0.001560s ]
INFO: [ app_init ] --END-- [ RunTime:0.001971s ]
ERR: 无法加载模块:Public

[ 2017-07-07T14:40:56+08:00 ] 127.0.0.1 /wwwroot/Public/Home/fonts/glyphicons-halflings-regular.woff2
INFO: [ app_init ] --START--
INFO: Run Behavior\BuildLiteBehavior [ RunTime:0.000027s ]
INFO: Run Common\Behavior\InitHookBehavior [ RunTime:0.003631s ]
INFO: [ app_init ] --END-- [ RunTime:0.004508s ]
ERR: 无法加载模块:Public

[ 2017-07-07T14:40:56+08:00 ] 127.0.0.1 /wwwroot/Public/Home/fonts/glyphicons-halflings-regular.woff
INFO: [ app_init ] --START--
INFO: Run Behavior\BuildLiteBehavior [ RunTime:0.000014s ]
INFO: Run Common\Behavior\InitHookBehavior [ RunTime:0.001832s ]
INFO: [ app_init ] --END-- [ RunTime:0.002323s ]
ERR: 无法加载模块:Public

[ 2017-07-07T14:40:56+08:00 ] 127.0.0.1 /wwwroot/Public/Home/fonts/glyphicons-halflings-regular.ttf
INFO: [ app_init ] --START--
INFO: Run Behavior\BuildLiteBehavior [ RunTime:0.000013s ]
INFO: Run Common\Behavior\InitHookBehavior [ RunTime:0.002171s ]
INFO: [ app_init ] --END-- [ RunTime:0.002684s ]
ERR: 无法加载模块:Public

[ 2017-07-07T14:40:57+08:00 ] 127.0.0.1 /wwwroot/Public/Home/fonts/glyphicons-halflings-regular.woff2
INFO: [ app_init ] --START--
INFO: Run Behavior\BuildLiteBehavior [ RunTime:0.000021s ]
INFO: Run Common\Behavior\InitHookBehavior [ RunTime:0.002881s ]
INFO: [ app_init ] --END-- [ RunTime:0.003626s ]
ERR: 无法加载模块:Public

[ 2017-07-07T14:40:57+08:00 ] 127.0.0.1 /wwwroot/Public/Home/fonts/glyphicons-halflings-regular.woff
INFO: [ app_init ] --START--
INFO: Run Behavior\BuildLiteBehavior [ RunTime:0.000012s ]
INFO: Run Common\Behavior\InitHookBehavior [ RunTime:0.004030s ]
INFO: [ app_init ] --END-- [ RunTime:0.004615s ]
ERR: 无法加载模块:Public

[ 2017-07-07T14:40:57+08:00 ] 127.0.0.1 /wwwroot/Public/Home/fonts/glyphicons-halflings-regular.ttf
INFO: [ app_init ] --START--
INFO: Run Behavior\BuildLiteBehavior [ RunTime:0.000013s ]
INFO: Run Common\Behavior\InitHookBehavior [ RunTime:0.001548s ]
INFO: [ app_init ] --END-- [ RunTime:0.001963s ]
ERR: 无法加载模块:Public

[ 2017-07-07T14:40:57+08:00 ] 127.0.0.1 /wwwroot/Public/Home/fonts/glyphicons-halflings-regular.woff2
INFO: [ app_init ] --START--
INFO: Run Behavior\BuildLiteBehavior [ RunTime:0.000023s ]
INFO: Run Common\Behavior\InitHookBehavior [ RunTime:0.003609s ]
INFO: [ app_init ] --END-- [ RunTime:0.004291s ]
ERR: 无法加载模块:Public

[ 2017-07-07T14:40:57+08:00 ] 127.0.0.1 /wwwroot/Public/Home/fonts/glyphicons-halflings-regular.woff
INFO: [ app_init ] --START--
INFO: Run Behavior\BuildLiteBehavior [ RunTime:0.000011s ]
INFO: Run Common\Behavior\InitHookBehavior [ RunTime:0.001899s ]
INFO: [ app_init ] --END-- [ RunTime:0.002331s ]
ERR: 无法加载模块:Public

[ 2017-07-07T14:40:57+08:00 ] 127.0.0.1 /wwwroot/Public/Home/fonts/glyphicons-halflings-regular.ttf
INFO: [ app_init ] --START--
INFO: Run Behavior\BuildLiteBehavior [ RunTime:0.000013s ]
INFO: Run Common\Behavior\InitHookBehavior [ RunTime:0.001555s ]
INFO: [ app_init ] --END-- [ RunTime:0.001994s ]
ERR: 无法加载模块:Public

[ 2017-07-07T14:55:01+08:00 ] 127.0.0.1 /wwwroot/Public/Home/fonts/glyphicons-halflings-regular.woff2
INFO: [ app_init ] --START--
INFO: Run Behavior\BuildLiteBehavior [ RunTime:0.000026s ]
INFO: Run Common\Behavior\InitHookBehavior [ RunTime:0.003601s ]
INFO: [ app_init ] --END-- [ RunTime:0.004650s ]
ERR: 无法加载模块:Public

[ 2017-07-07T14:55:01+08:00 ] 127.0.0.1 /wwwroot/Public/Home/fonts/glyphicons-halflings-regular.woff
INFO: [ app_init ] --START--
INFO: Run Behavior\BuildLiteBehavior [ RunTime:0.000014s ]
INFO: Run Common\Behavior\InitHookBehavior [ RunTime:0.003901s ]
INFO: [ app_init ] --END-- [ RunTime:0.004398s ]
ERR: 无法加载模块:Public

[ 2017-07-07T14:55:01+08:00 ] 127.0.0.1 /wwwroot/Public/Home/fonts/glyphicons-halflings-regular.ttf
INFO: [ app_init ] --START--
INFO: Run Behavior\BuildLiteBehavior [ RunTime:0.000017s ]
INFO: Run Common\Behavior\InitHookBehavior [ RunTime:0.001583s ]
INFO: [ app_init ] --END-- [ RunTime:0.002019s ]
ERR: 无法加载模块:Public

[ 2017-07-07T14:57:52+08:00 ] 127.0.0.1 /wwwroot/Public/Home/fonts/glyphicons-halflings-regular.woff2
INFO: [ app_init ] --START--
INFO: Run Behavior\BuildLiteBehavior [ RunTime:0.000030s ]
INFO: Run Common\Behavior\InitHookBehavior [ RunTime:0.004607s ]
INFO: [ app_init ] --END-- [ RunTime:0.005563s ]
ERR: 无法加载模块:Public

[ 2017-07-07T14:57:53+08:00 ] 127.0.0.1 /wwwroot/Public/Home/fonts/glyphicons-halflings-regular.woff
INFO: [ app_init ] --START--
INFO: Run Behavior\BuildLiteBehavior [ RunTime:0.000013s ]
INFO: Run Common\Behavior\InitHookBehavior [ RunTime:0.002811s ]
INFO: [ app_init ] --END-- [ RunTime:0.003289s ]
ERR: 无法加载模块:Public

[ 2017-07-07T14:57:53+08:00 ] 127.0.0.1 /wwwroot/Public/Home/fonts/glyphicons-halflings-regular.ttf
INFO: [ app_init ] --START--
INFO: Run Behavior\BuildLiteBehavior [ RunTime:0.000023s ]
INFO: Run Common\Behavior\InitHookBehavior [ RunTime:0.001930s ]
INFO: [ app_init ] --END-- [ RunTime:0.002886s ]
ERR: 无法加载模块:Public

[ 2017-07-07T14:57:53+08:00 ] 127.0.0.1 /wwwroot/Public/Home/fonts/glyphicons-halflings-regular.woff2
INFO: [ app_init ] --START--
INFO: Run Behavior\BuildLiteBehavior [ RunTime:0.000029s ]
INFO: Run Common\Behavior\InitHookBehavior [ RunTime:0.004224s ]
INFO: [ app_init ] --END-- [ RunTime:0.005145s ]
ERR: 无法加载模块:Public

[ 2017-07-07T14:57:53+08:00 ] 127.0.0.1 /wwwroot/Public/Home/fonts/glyphicons-halflings-regular.woff
INFO: [ app_init ] --START--
INFO: Run Behavior\BuildLiteBehavior [ RunTime:0.000015s ]
INFO: Run Common\Behavior\InitHookBehavior [ RunTime:0.001686s ]
INFO: [ app_init ] --END-- [ RunTime:0.002299s ]
ERR: 无法加载模块:Public

[ 2017-07-07T14:57:54+08:00 ] 127.0.0.1 /wwwroot/Public/Home/fonts/glyphicons-halflings-regular.ttf
INFO: [ app_init ] --START--
INFO: Run Behavior\BuildLiteBehavior [ RunTime:0.000013s ]
INFO: Run Common\Behavior\InitHookBehavior [ RunTime:0.001613s ]
INFO: [ app_init ] --END-- [ RunTime:0.002068s ]
ERR: 无法加载模块:Public

[ 2017-07-07T14:57:54+08:00 ] 127.0.0.1 /wwwroot/Public/Home/fonts/glyphicons-halflings-regular.woff2
INFO: [ app_init ] --START--
INFO: Run Behavior\BuildLiteBehavior [ RunTime:0.000023s ]
INFO: Run Common\Behavior\InitHookBehavior [ RunTime:0.003512s ]
INFO: [ app_init ] --END-- [ RunTime:0.004101s ]
ERR: 无法加载模块:Public

[ 2017-07-07T14:57:54+08:00 ] 127.0.0.1 /wwwroot/Public/Home/fonts/glyphicons-halflings-regular.woff
INFO: [ app_init ] --START--
INFO: Run Behavior\BuildLiteBehavior [ RunTime:0.000014s ]
INFO: Run Common\Behavior\InitHookBehavior [ RunTime:0.001606s ]
INFO: [ app_init ] --END-- [ RunTime:0.002105s ]
ERR: 无法加载模块:Public

[ 2017-07-07T14:57:54+08:00 ] 127.0.0.1 /wwwroot/Public/Home/fonts/glyphicons-halflings-regular.ttf
INFO: [ app_init ] --START--
INFO: Run Behavior\BuildLiteBehavior [ RunTime:0.000016s ]
INFO: Run Common\Behavior\InitHookBehavior [ RunTime:0.002272s ]
INFO: [ app_init ] --END-- [ RunTime:0.002932s ]
ERR: 无法加载模块:Public

[ 2017-07-07T14:57:54+08:00 ] 127.0.0.1 /wwwroot/Public/Home/fonts/glyphicons-halflings-regular.woff2
INFO: [ app_init ] --START--
INFO: Run Behavior\BuildLiteBehavior [ RunTime:0.000017s ]
INFO: Run Common\Behavior\InitHookBehavior [ RunTime:0.002561s ]
INFO: [ app_init ] --END-- [ RunTime:0.003203s ]
ERR: 无法加载模块:Public

[ 2017-07-07T14:57:54+08:00 ] 127.0.0.1 /wwwroot/Public/Home/fonts/glyphicons-halflings-regular.woff
INFO: [ app_init ] --START--
INFO: Run Behavior\BuildLiteBehavior [ RunTime:0.000018s ]
INFO: Run Common\Behavior\InitHookBehavior [ RunTime:0.001723s ]
INFO: [ app_init ] --END-- [ RunTime:0.002167s ]
ERR: 无法加载模块:Public

[ 2017-07-07T14:57:54+08:00 ] 127.0.0.1 /wwwroot/Public/Home/fonts/glyphicons-halflings-regular.ttf
INFO: [ app_init ] --START--
INFO: Run Behavior\BuildLiteBehavior [ RunTime:0.000060s ]
INFO: Run Common\Behavior\InitHookBehavior [ RunTime:0.003897s ]
INFO: [ app_init ] --END-- [ RunTime:0.007103s ]
ERR: 无法加载模块:Public

[ 2017-07-07T14:57:54+08:00 ] 127.0.0.1 /wwwroot/Public/Home/fonts/glyphicons-halflings-regular.woff2
INFO: [ app_init ] --START--
INFO: Run Behavior\BuildLiteBehavior [ RunTime:0.000026s ]
INFO: Run Common\Behavior\InitHookBehavior [ RunTime:0.004601s ]
INFO: [ app_init ] --END-- [ RunTime:0.005668s ]
ERR: 无法加载模块:Public

[ 2017-07-07T14:57:55+08:00 ] 127.0.0.1 /wwwroot/Public/Home/fonts/glyphicons-halflings-regular.woff
INFO: [ app_init ] --START--
INFO: Run Behavior\BuildLiteBehavior [ RunTime:0.000039s ]
INFO: Run Common\Behavior\InitHookBehavior [ RunTime:0.003414s ]
INFO: [ app_init ] --END-- [ RunTime:0.005470s ]
ERR: 无法加载模块:Public

[ 2017-07-07T14:57:55+08:00 ] 127.0.0.1 /wwwroot/Public/Home/fonts/glyphicons-halflings-regular.ttf
INFO: [ app_init ] --START--
INFO: Run Behavior\BuildLiteBehavior [ RunTime:0.000012s ]
INFO: Run Common\Behavior\InitHookBehavior [ RunTime:0.002612s ]
INFO: [ app_init ] --END-- [ RunTime:0.003058s ]
ERR: 无法加载模块:Public

[ 2017-07-07T14:57:55+08:00 ] 127.0.0.1 /wwwroot/Public/Home/fonts/glyphicons-halflings-regular.woff2
INFO: [ app_init ] --START--
INFO: Run Behavior\BuildLiteBehavior [ RunTime:0.000024s ]
INFO: Run Common\Behavior\InitHookBehavior [ RunTime:0.002765s ]
INFO: [ app_init ] --END-- [ RunTime:0.003587s ]
ERR: 无法加载模块:Public

[ 2017-07-07T14:57:55+08:00 ] 127.0.0.1 /wwwroot/Public/Home/fonts/glyphicons-halflings-regular.woff
INFO: [ app_init ] --START--
INFO: Run Behavior\BuildLiteBehavior [ RunTime:0.000017s ]
INFO: Run Common\Behavior\InitHookBehavior [ RunTime:0.003548s ]
INFO: [ app_init ] --END-- [ RunTime:0.004418s ]
ERR: 无法加载模块:Public

[ 2017-07-07T14:57:55+08:00 ] 127.0.0.1 /wwwroot/Public/Home/fonts/glyphicons-halflings-regular.ttf
INFO: [ app_init ] --START--
INFO: Run Behavior\BuildLiteBehavior [ RunTime:0.000091s ]
INFO: Run Common\Behavior\InitHookBehavior [ RunTime:0.002056s ]
INFO: [ app_init ] --END-- [ RunTime:0.003830s ]
ERR: 无法加载模块:Public

[ 2017-07-07T14:57:55+08:00 ] 127.0.0.1 /wwwroot/Public/Home/fonts/glyphicons-halflings-regular.woff2
INFO: [ app_init ] --START--
INFO: Run Behavior\BuildLiteBehavior [ RunTime:0.000020s ]
INFO: Run Common\Behavior\InitHookBehavior [ RunTime:0.002772s ]
INFO: [ app_init ] --END-- [ RunTime:0.003499s ]
ERR: 无法加载模块:Public

[ 2017-07-07T14:57:55+08:00 ] 127.0.0.1 /wwwroot/Public/Home/fonts/glyphicons-halflings-regular.woff
INFO: [ app_init ] --START--
INFO: Run Behavior\BuildLiteBehavior [ RunTime:0.000014s ]
INFO: Run Common\Behavior\InitHookBehavior [ RunTime:0.001663s ]
INFO: [ app_init ] --END-- [ RunTime:0.002189s ]
ERR: 无法加载模块:Public

[ 2017-07-07T14:57:55+08:00 ] 127.0.0.1 /wwwroot/Public/Home/fonts/glyphicons-halflings-regular.ttf
INFO: [ app_init ] --START--
INFO: Run Behavior\BuildLiteBehavior [ RunTime:0.000014s ]
INFO: Run Common\Behavior\InitHookBehavior [ RunTime:0.001662s ]
INFO: [ app_init ] --END-- [ RunTime:0.002130s ]
ERR: 无法加载模块:Public

[ 2017-07-07T14:57:56+08:00 ] 127.0.0.1 /wwwroot/Public/Home/fonts/glyphicons-halflings-regular.woff2
INFO: [ app_init ] --START--
INFO: Run Behavior\BuildLiteBehavior [ RunTime:0.000023s ]
INFO: Run Common\Behavior\InitHookBehavior [ RunTime:0.002648s ]
INFO: [ app_init ] --END-- [ RunTime:0.003440s ]
ERR: 无法加载模块:Public

[ 2017-07-07T14:57:56+08:00 ] 127.0.0.1 /wwwroot/Public/Home/fonts/glyphicons-halflings-regular.woff
INFO: [ app_init ] --START--
INFO: Run Behavior\BuildLiteBehavior [ RunTime:0.000012s ]
INFO: Run Common\Behavior\InitHookBehavior [ RunTime:0.003812s ]
INFO: [ app_init ] --END-- [ RunTime:0.004272s ]
ERR: 无法加载模块:Public

[ 2017-07-07T14:57:56+08:00 ] 127.0.0.1 /wwwroot/Public/Home/fonts/glyphicons-halflings-regular.ttf
INFO: [ app_init ] --START--
INFO: Run Behavior\BuildLiteBehavior [ RunTime:0.000014s ]
INFO: Run Common\Behavior\InitHookBehavior [ RunTime:0.002117s ]
INFO: [ app_init ] --END-- [ RunTime:0.002588s ]
ERR: 无法加载模块:Public

[ 2017-07-07T15:07:35+08:00 ] 127.0.0.1 /wwwroot/service.html
INFO: [ app_init ] --START--
INFO: Run Behavior\BuildLiteBehavior [ RunTime:0.000014s ]
INFO: Run Common\Behavior\InitHookBehavior [ RunTime:0.003102s ]
INFO: [ app_init ] --END-- [ RunTime:0.003649s ]
ERR: 无法加载模块:Service

[ 2017-07-07T15:07:39+08:00 ] 127.0.0.1 /wwwroot/online.html
INFO: [ app_init ] --START--
INFO: Run Behavior\BuildLiteBehavior [ RunTime:0.000012s ]
INFO: Run Common\Behavior\InitHookBehavior [ RunTime:0.002021s ]
INFO: [ app_init ] --END-- [ RunTime:0.002551s ]
ERR: 无法加载模块:Online

[ 2017-07-07T15:07:49+08:00 ] 127.0.0.1 /wwwroot/zushou.html
INFO: [ app_init ] --START--
INFO: Run Behavior\BuildLiteBehavior [ RunTime:0.000012s ]
INFO: Run Common\Behavior\InitHookBehavior [ RunTime:0.002799s ]
INFO: [ app_init ] --END-- [ RunTime:0.003330s ]
ERR: 无法加载模块:Zushou

[ 2017-07-07T15:23:30+08:00 ] 127.0.0.1 /wwwroot/my.html
INFO: [ app_init ] --START--
INFO: Run Behavior\BuildLiteBehavior [ RunTime:0.000012s ]
INFO: Run Common\Behavior\InitHookBehavior [ RunTime:0.002062s ]
INFO: [ app_init ] --END-- [ RunTime:0.002579s ]
ERR: 无法加载模块:My

[ 2017-07-07T18:09:59+08:00 ] 127.0.0.1 /wwwroot/zushou-detail.html
INFO: [ app_init ] --START--
INFO: Run Behavior\BuildLiteBehavior [ RunTime:0.000014s ]
INFO: Run Common\Behavior\InitHookBehavior [ RunTime:0.002727s ]
INFO: [ app_init ] --END-- [ RunTime:0.003384s ]
ERR: 无法加载模块:Zushou-detail

[ 2017-07-07T18:10:52+08:00 ] 127.0.0.1 /wwwroot/zushou-detail.html
INFO: [ app_init ] --START--
INFO: Run Behavior\BuildLiteBehavior [ RunTime:0.000012s ]
INFO: Run Common\Behavior\InitHookBehavior [ RunTime:0.001976s ]
INFO: [ app_init ] --END-- [ RunTime:0.002436s ]
ERR: 无法加载模块:Zushou-detail

[ 2017-07-07T18:30:17+08:00 ] 127.0.0.1 /wwwroot/notice.html
INFO: [ app_init ] --START--
INFO: Run Behavior\BuildLiteBehavior [ RunTime:0.000012s ]
INFO: Run Common\Behavior\InitHookBehavior [ RunTime:0.002113s ]
INFO: [ app_init ] --END-- [ RunTime:0.002669s ]
ERR: 无法加载模块:Notice

[ 2017-07-07T18:36:12+08:00 ] 127.0.0.1 /wwwroot/notice.html
INFO: [ app_init ] --START--
INFO: Run Behavior\BuildLiteBehavior [ RunTime:0.000012s ]
INFO: Run Common\Behavior\InitHookBehavior [ RunTime:0.002741s ]
INFO: [ app_init ] --END-- [ RunTime:0.003322s ]
ERR: 无法加载模块:Notice

[ 2017-07-07T18:36:15+08:00 ] 127.0.0.1 /wwwroot/notice.html
INFO: [ app_init ] --START--
INFO: Run Behavior\BuildLiteBehavior [ RunTime:0.000011s ]
INFO: Run Common\Behavior\InitHookBehavior [ RunTime:0.002895s ]
INFO: [ app_init ] --END-- [ RunTime:0.003426s ]
ERR: 无法加载模块:Notice

[ 2017-07-07T23:08:35+08:00 ] 127.0.0.1 /wwwroot/notice-detail.html
INFO: [ app_init ] --START--
INFO: Run Behavior\BuildLiteBehavior [ RunTime:0.000011s ]
INFO: Run Common\Behavior\InitHookBehavior [ RunTime:0.002219s ]
INFO: [ app_init ] --END-- [ RunTime:0.002735s ]
ERR: 无法加载模块:Notice-detail

